INSERT INTO `db_fresh_shop`.`cy_sessions` (sesskey, expiry, ip, data) VALUES ('f7477a76e2c85678a39070b2438d67ba', '1496281483', '118.206.28.143', 'a:0:{}')

SELECT code, value FROM `db_fresh_shop`.`cy_shop_config` WHERE parent_id > 0

UPDATE `db_fresh_shop`.`cy_sessions` SET expiry = '1496281483', ip = '118.206.28.143', userid = '0', adminid = '0', user_name='0', user_rank='0', discount='0', email='0', data = 'a:0:{}' WHERE sesskey = 'f7477a76e2c85678a39070b2438d67ba' LIMIT 1

SELECT userid, adminid, user_name, user_rank, discount, email, data, expiry FROM `db_fresh_shop`.`cy_sessions` WHERE sesskey = 'f7477a76e2c85678a39070b2438d67ba'

SELECT code, value FROM `db_fresh_shop`.`cy_shop_config` WHERE parent_id > 0

SELECT userid, adminid, user_name, user_rank, discount, email, data, expiry FROM `db_fresh_shop`.`cy_sessions` WHERE sesskey = 'f7477a76e2c85678a39070b2438d67ba'

SELECT code, value FROM `db_fresh_shop`.`cy_shop_config` WHERE parent_id > 0

SELECT `ec_salt` FROM `db_fresh_shop`.`cy_admin_user`WHERE user_name = 'admin'

SELECT user_id, user_name, password, last_login, action_list, last_login,suppliers_id,ec_salt FROM `db_fresh_shop`.`cy_admin_user` WHERE user_name = 'admin' AND password = 'a24719e63488128586f6a29c128f530b'

UPDATE `db_fresh_shop`.`cy_admin_user` SET last_login='1496252694', last_ip='118.206.28.143' WHERE user_id='1'

SELECT DISTINCT session_id FROM `db_fresh_shop`.`cy_cart` AS c, `db_fresh_shop`.`cy_sessions` AS s WHERE c.session_id = s.sesskey 

DELETE FROM `db_fresh_shop`.`cy_cart` WHERE session_id NOT  IN ('') 

UPDATE `db_fresh_shop`.`cy_sessions` SET expiry = '1496281494', ip = '118.206.28.143', userid = '0', adminid = '1', user_name='0', user_rank='0', discount='0', email='0', data = 'a:4:{s:10:\"admin_name\";s:5:\"admin\";s:11:\"action_list\";s:3:\"all\";s:10:\"last_check\";s:10:\"1496164219\";s:12:\"suppliers_id\";s:1:\"0\";}' WHERE sesskey = 'f7477a76e2c85678a39070b2438d67ba' LIMIT 1

DELETE FROM `db_fresh_shop`.`cy_sessions_data` WHERE expiry < 1496279694

DELETE FROM `db_fresh_shop`.`cy_sessions` WHERE expiry < 1496279694

SELECT userid, adminid, user_name, user_rank, discount, email, data, expiry FROM `db_fresh_shop`.`cy_sessions` WHERE sesskey = 'f7477a76e2c85678a39070b2438d67ba'

SELECT code, value FROM `db_fresh_shop`.`cy_shop_config` WHERE parent_id > 0

DELETE FROM `db_fresh_shop`.`cy_sessions` WHERE expiry < 1496279694

SELECT userid, adminid, user_name, user_rank, discount, email, data, expiry FROM `db_fresh_shop`.`cy_sessions` WHERE sesskey = 'f7477a76e2c85678a39070b2438d67ba'

SELECT code, value FROM `db_fresh_shop`.`cy_shop_config` WHERE parent_id > 0

SELECT message_id, sender_id, receiver_id, sent_time, readed, deleted, title, message, user_name FROM `db_fresh_shop`.`cy_admin_message` AS a, `db_fresh_shop`.`cy_admin_user` AS b WHERE a.sender_id = b.user_id AND a.receiver_id = '1' AND a.readed = 0 AND deleted = 0 ORDER BY a.sent_time DESC

SELECT pay_id, is_cod FROM `db_fresh_shop`.`cy_payment` WHERE enabled = 1

SELECT COUNT(*) FROM `db_fresh_shop`.`cy_order_info` WHERE 1  AND order_status  IN ('1','5')  AND shipping_status  IN ('1','2')  AND pay_status  IN ('2','1')  

SELECT pay_id FROM `db_fresh_shop`.`cy_payment` WHERE is_cod = 1

SELECT COUNT(*) FROM `db_fresh_shop`.`cy_order_info` WHERE 1  AND   order_status  IN ('1','5','6')  AND   shipping_status  IN ('0','3','5')  AND ( pay_status  IN ('2','1')  OR pay_id  IN ('2') ) 

SELECT pay_id FROM `db_fresh_shop`.`cy_payment` WHERE is_cod = 0

SELECT COUNT(*) FROM `db_fresh_shop`.`cy_order_info` WHERE 1  AND   order_status  IN ('1','5')  AND   pay_status = '0' AND ( shipping_status  IN ('1','2')  OR pay_id  IN ('1') ) 

SELECT COUNT(*) FROM `db_fresh_shop`.`cy_order_info` WHERE 1  AND order_status = '0' 

SELECT COUNT(*) FROM `db_fresh_shop`.`cy_order_info` WHERE  shipping_status=4

SELECT COUNT(*) AS oCount, IFNULL(SUM(order_amount), 0) AS oAmount FROM `db_fresh_shop`.`cy_order_info`

SELECT COUNT(*) FROM `db_fresh_shop`.`cy_goods` WHERE is_delete = 0 AND is_alone_sale = 1 AND is_real = 1

SELECT COUNT(*) FROM `db_fresh_shop`.`cy_goods` WHERE is_delete = 0 AND is_alone_sale = 1 AND is_real=0 AND extension_code='virtual_card'

SELECT COUNT(*) FROM `db_fresh_shop`.`cy_goods` WHERE is_delete = 0 AND is_new = 1 AND is_real = 1

SELECT COUNT(*) FROM `db_fresh_shop`.`cy_goods` WHERE is_delete = 0 AND is_new = 1 AND is_real=0 AND extension_code='virtual_card'

SELECT COUNT(*) FROM `db_fresh_shop`.`cy_goods` WHERE is_delete = 0 AND is_best = 1 AND is_real = 1

SELECT COUNT(*) FROM `db_fresh_shop`.`cy_goods` WHERE is_delete = 0 AND is_best = 1 AND is_real=0 AND extension_code='virtual_card'

SELECT COUNT(*) FROM `db_fresh_shop`.`cy_goods` WHERE is_delete = 0 AND is_hot = 1 AND is_real = 1

SELECT COUNT(*) FROM `db_fresh_shop`.`cy_goods` WHERE is_delete = 0 AND is_hot = 1 AND is_real=0 AND extension_code='virtual_card'

SELECT COUNT(*) FROM `db_fresh_shop`.`cy_goods` WHERE is_delete = 0 AND promote_price>0 AND promote_start_date <= '1496252694' AND promote_end_date >= '1496252694' AND is_real = 1

SELECT COUNT(*) FROM `db_fresh_shop`.`cy_goods` WHERE is_delete = 0 AND promote_price>0 AND promote_start_date <= '1496252694' AND promote_end_date >= '1496252694' AND is_real=0 AND extension_code='virtual_card'

SELECT COUNT(*) FROM `db_fresh_shop`.`cy_goods` WHERE is_delete = 0 AND goods_number <= warn_number AND is_real = 1

SELECT COUNT(*) FROM `db_fresh_shop`.`cy_goods` WHERE is_delete = 0 AND goods_number <= warn_number AND is_real=0 AND extension_code='virtual_card'

SELECT COUNT(*) FROM `db_fresh_shop`.`cy_stats` WHERE access_time > 1496217600

SELECT count(*) FROM `db_fresh_shop`.`cy_sessions`

SELECT COUNT(f.msg_id) FROM `db_fresh_shop`.`cy_feedback` AS f LEFT JOIN `db_fresh_shop`.`cy_feedback` AS r ON r.parent_id=f.msg_id WHERE f.parent_id=0 AND ISNULL(r.msg_id) 

SELECT COUNT(*) FROM `db_fresh_shop`.`cy_comment` WHERE status = 0 AND parent_id = 0

SELECT COUNT(*) FROM `db_fresh_shop`.`cy_booking_goods` WHERE is_dispose = 0

SELECT COUNT(*) FROM `db_fresh_shop`.`cy_user_account` WHERE process_type = 1 AND is_paid = 0 

DELETE FROM `db_fresh_shop`.`cy_sessions_data` WHERE expiry < 1496279695

SELECT userid, adminid, user_name, user_rank, discount, email, data, expiry FROM `db_fresh_shop`.`cy_sessions` WHERE sesskey = 'f7477a76e2c85678a39070b2438d67ba'

SELECT code, value FROM `db_fresh_shop`.`cy_shop_config` WHERE parent_id > 0

SELECT suppliers_id, suppliers_name, suppliers_desc
            FROM `db_fresh_shop`.`cy_suppliers`
            WHERE  is_check = 1 

SELECT c.cat_id, c.cat_name, c.measure_unit, c.parent_id, c.is_show, c.show_in_nav, c.grade, c.sort_order, COUNT(s.cat_id) AS has_children FROM `db_fresh_shop`.`cy_category` AS c LEFT JOIN `db_fresh_shop`.`cy_category` AS s ON s.parent_id=c.cat_id GROUP BY c.cat_id ORDER BY c.parent_id, c.sort_order ASC

SELECT cat_id, COUNT(*) AS goods_num  FROM `db_fresh_shop`.`cy_goods` WHERE is_delete = 0 AND is_on_sale = 1  GROUP BY cat_id

SELECT gc.cat_id, COUNT(*) AS goods_num  FROM `db_fresh_shop`.`cy_goods_cat` AS gc , `db_fresh_shop`.`cy_goods` AS g  WHERE g.goods_id = gc.goods_id AND g.is_delete = 0 AND g.is_on_sale = 1  GROUP BY gc.cat_id

SELECT brand_id, brand_name FROM `db_fresh_shop`.`cy_brand` ORDER BY sort_order

SELECT suppliers_id, suppliers_name, suppliers_desc
            FROM `db_fresh_shop`.`cy_suppliers`
            WHERE  is_check = 1 

SELECT COUNT(*) FROM `db_fresh_shop`.`cy_goods` AS g WHERE is_delete='0'  AND is_real='1'

SELECT goods_id, goods_name, goods_type, goods_sn, shop_price, is_on_sale, is_best, is_new, is_hot, sort_order, goods_number, integral,  (promote_price > 0 AND promote_start_date <= '1496303999' AND promote_end_date >= '1496303999') AS is_promote  FROM `db_fresh_shop`.`cy_goods` AS g WHERE is_delete='0'  AND is_real='1' ORDER BY goods_id DESC  LIMIT 0,15

SELECT DISTINCT cat_id
            FROM `db_fresh_shop`.`cy_attribute`
            WHERE attr_type = 1

DELETE FROM `db_fresh_shop`.`cy_sessions_data` WHERE expiry < 1496279697

SELECT userid, adminid, user_name, user_rank, discount, email, data, expiry FROM `db_fresh_shop`.`cy_sessions` WHERE sesskey = 'f7477a76e2c85678a39070b2438d67ba'

SELECT code, value FROM `db_fresh_shop`.`cy_shop_config` WHERE parent_id > 0

SELECT COUNT(*) FROM `db_fresh_shop`.`cy_order_info` WHERE add_time >= '1496164219'

SELECT COUNT(*) FROM `db_fresh_shop`.`cy_order_info` WHERE pay_time >= 1496164219

UPDATE `db_fresh_shop`.`cy_sessions` SET expiry = '1496281497', ip = '118.206.28.143', userid = '0', adminid = '1', user_name='0', user_rank='0', discount='0', email='0', data = 'a:4:{s:10:\"admin_name\";s:5:\"admin\";s:11:\"action_list\";s:3:\"all\";s:10:\"last_check\";i:1496252697;s:12:\"suppliers_id\";s:1:\"0\";}' WHERE sesskey = 'f7477a76e2c85678a39070b2438d67ba' LIMIT 1

INSERT INTO `db_fresh_shop`.`cy_sessions` (sesskey, expiry, ip, data) VALUES ('761f3c97d4effbe6528b9bc4729b6194', '1496281606', '101.226.89.122', 'a:0:{}')

SELECT code, value FROM `db_fresh_shop`.`cy_shop_config` WHERE parent_id > 0

UPDATE `db_fresh_shop`.`cy_sessions` SET expiry = '1496281606', ip = '101.226.89.122', userid = '0', adminid = '0', user_name='0', user_rank='0', discount='0', email='0', data = 'a:0:{}' WHERE sesskey = '761f3c97d4effbe6528b9bc4729b6194' LIMIT 1

DELETE FROM `db_fresh_shop`.`cy_sessions` WHERE expiry < 1496279806

SELECT userid, adminid, user_name, user_rank, discount, email, data, expiry FROM `db_fresh_shop`.`cy_sessions` WHERE sesskey = '761f3c97d4effbe6528b9bc4729b6194'

SELECT code, value FROM `db_fresh_shop`.`cy_shop_config` WHERE parent_id > 0

DELETE FROM `db_fresh_shop`.`cy_sessions` WHERE expiry < 1496279810

SELECT userid, adminid, user_name, user_rank, discount, email, data, expiry FROM `db_fresh_shop`.`cy_sessions` WHERE sesskey = 'f7477a76e2c85678a39070b2438d67ba'

SELECT code, value FROM `db_fresh_shop`.`cy_shop_config` WHERE parent_id > 0

SELECT COUNT(*) FROM `db_fresh_shop`.`cy_order_info` WHERE add_time >= '1496252697'

SELECT COUNT(*) FROM `db_fresh_shop`.`cy_order_info` WHERE pay_time >= 1496252697

UPDATE `db_fresh_shop`.`cy_sessions` SET expiry = '1496281677', ip = '118.206.28.143', userid = '0', adminid = '1', user_name='0', user_rank='0', discount='0', email='0', data = 'a:4:{s:10:\"admin_name\";s:5:\"admin\";s:11:\"action_list\";s:3:\"all\";s:10:\"last_check\";i:1496252877;s:12:\"suppliers_id\";s:1:\"0\";}' WHERE sesskey = 'f7477a76e2c85678a39070b2438d67ba' LIMIT 1

SELECT userid, adminid, user_name, user_rank, discount, email, data, expiry FROM `db_fresh_shop`.`cy_sessions` WHERE sesskey = 'f7477a76e2c85678a39070b2438d67ba'

SELECT code, value FROM `db_fresh_shop`.`cy_shop_config` WHERE parent_id > 0

SELECT COUNT(*) FROM `db_fresh_shop`.`cy_order_info` WHERE add_time >= '1496252877'

SELECT COUNT(*) FROM `db_fresh_shop`.`cy_order_info` WHERE pay_time >= 1496252877

UPDATE `db_fresh_shop`.`cy_sessions` SET expiry = '1496281857', ip = '118.206.28.143', userid = '0', adminid = '1', user_name='0', user_rank='0', discount='0', email='0', data = 'a:4:{s:10:\"admin_name\";s:5:\"admin\";s:11:\"action_list\";s:3:\"all\";s:10:\"last_check\";i:1496253057;s:12:\"suppliers_id\";s:1:\"0\";}' WHERE sesskey = 'f7477a76e2c85678a39070b2438d67ba' LIMIT 1

SELECT userid, adminid, user_name, user_rank, discount, email, data, expiry FROM `db_fresh_shop`.`cy_sessions` WHERE sesskey = 'f7477a76e2c85678a39070b2438d67ba'

SELECT code, value FROM `db_fresh_shop`.`cy_shop_config` WHERE parent_id > 0

SELECT COUNT(*) FROM `db_fresh_shop`.`cy_order_info` WHERE add_time >= '1496253057'

SELECT COUNT(*) FROM `db_fresh_shop`.`cy_order_info` WHERE pay_time >= 1496253057

UPDATE `db_fresh_shop`.`cy_sessions` SET expiry = '1496282037', ip = '118.206.28.143', userid = '0', adminid = '1', user_name='0', user_rank='0', discount='0', email='0', data = 'a:4:{s:10:\"admin_name\";s:5:\"admin\";s:11:\"action_list\";s:3:\"all\";s:10:\"last_check\";i:1496253237;s:12:\"suppliers_id\";s:1:\"0\";}' WHERE sesskey = 'f7477a76e2c85678a39070b2438d67ba' LIMIT 1

DELETE FROM `db_fresh_shop`.`cy_sessions_data` WHERE expiry < 1496280237

SELECT userid, adminid, user_name, user_rank, discount, email, data, expiry FROM `db_fresh_shop`.`cy_sessions` WHERE sesskey = 'f7477a76e2c85678a39070b2438d67ba'

SELECT code, value FROM `db_fresh_shop`.`cy_shop_config` WHERE parent_id > 0

SELECT COUNT(*) FROM `db_fresh_shop`.`cy_order_info` WHERE add_time >= '1496253237'

SELECT COUNT(*) FROM `db_fresh_shop`.`cy_order_info` WHERE pay_time >= 1496253237

UPDATE `db_fresh_shop`.`cy_sessions` SET expiry = '1496282217', ip = '118.206.28.143', userid = '0', adminid = '1', user_name='0', user_rank='0', discount='0', email='0', data = 'a:4:{s:10:\"admin_name\";s:5:\"admin\";s:11:\"action_list\";s:3:\"all\";s:10:\"last_check\";i:1496253417;s:12:\"suppliers_id\";s:1:\"0\";}' WHERE sesskey = 'f7477a76e2c85678a39070b2438d67ba' LIMIT 1

SELECT userid, adminid, user_name, user_rank, discount, email, data, expiry FROM `db_fresh_shop`.`cy_sessions` WHERE sesskey = 'f7477a76e2c85678a39070b2438d67ba'

SELECT code, value FROM `db_fresh_shop`.`cy_shop_config` WHERE parent_id > 0

SELECT COUNT(*) FROM `db_fresh_shop`.`cy_order_info` WHERE add_time >= '1496253417'

SELECT COUNT(*) FROM `db_fresh_shop`.`cy_order_info` WHERE pay_time >= 1496253417

UPDATE `db_fresh_shop`.`cy_sessions` SET expiry = '1496282399', ip = '118.206.28.143', userid = '0', adminid = '1', user_name='0', user_rank='0', discount='0', email='0', data = 'a:4:{s:10:\"admin_name\";s:5:\"admin\";s:11:\"action_list\";s:3:\"all\";s:10:\"last_check\";i:1496253599;s:12:\"suppliers_id\";s:1:\"0\";}' WHERE sesskey = 'f7477a76e2c85678a39070b2438d67ba' LIMIT 1

SELECT userid, adminid, user_name, user_rank, discount, email, data, expiry FROM `db_fresh_shop`.`cy_sessions` WHERE sesskey = 'f7477a76e2c85678a39070b2438d67ba'

SELECT code, value FROM `db_fresh_shop`.`cy_shop_config` WHERE parent_id > 0

SELECT COUNT(*) FROM `db_fresh_shop`.`cy_order_info` WHERE add_time >= '1496253599'

SELECT COUNT(*) FROM `db_fresh_shop`.`cy_order_info` WHERE pay_time >= 1496253599

UPDATE `db_fresh_shop`.`cy_sessions` SET expiry = '1496282577', ip = '118.206.28.143', userid = '0', adminid = '1', user_name='0', user_rank='0', discount='0', email='0', data = 'a:4:{s:10:\"admin_name\";s:5:\"admin\";s:11:\"action_list\";s:3:\"all\";s:10:\"last_check\";i:1496253777;s:12:\"suppliers_id\";s:1:\"0\";}' WHERE sesskey = 'f7477a76e2c85678a39070b2438d67ba' LIMIT 1

SELECT userid, adminid, user_name, user_rank, discount, email, data, expiry FROM `db_fresh_shop`.`cy_sessions` WHERE sesskey = 'f7477a76e2c85678a39070b2438d67ba'

SELECT code, value FROM `db_fresh_shop`.`cy_shop_config` WHERE parent_id > 0

SELECT COUNT(*) FROM `db_fresh_shop`.`cy_order_info` WHERE add_time >= '1496253777'

SELECT COUNT(*) FROM `db_fresh_shop`.`cy_order_info` WHERE pay_time >= 1496253777

UPDATE `db_fresh_shop`.`cy_sessions` SET expiry = '1496282757', ip = '118.206.28.143', userid = '0', adminid = '1', user_name='0', user_rank='0', discount='0', email='0', data = 'a:4:{s:10:\"admin_name\";s:5:\"admin\";s:11:\"action_list\";s:3:\"all\";s:10:\"last_check\";i:1496253957;s:12:\"suppliers_id\";s:1:\"0\";}' WHERE sesskey = 'f7477a76e2c85678a39070b2438d67ba' LIMIT 1

DELETE FROM `db_fresh_shop`.`cy_sessions_data` WHERE expiry < 1496280957

SELECT userid, adminid, user_name, user_rank, discount, email, data, expiry FROM `db_fresh_shop`.`cy_sessions` WHERE sesskey = 'f7477a76e2c85678a39070b2438d67ba'

SELECT code, value FROM `db_fresh_shop`.`cy_shop_config` WHERE parent_id > 0

SELECT COUNT(*) FROM `db_fresh_shop`.`cy_order_info` WHERE add_time >= '1496253957'

SELECT COUNT(*) FROM `db_fresh_shop`.`cy_order_info` WHERE pay_time >= 1496253957

UPDATE `db_fresh_shop`.`cy_sessions` SET expiry = '1496282937', ip = '118.206.28.143', userid = '0', adminid = '1', user_name='0', user_rank='0', discount='0', email='0', data = 'a:4:{s:10:\"admin_name\";s:5:\"admin\";s:11:\"action_list\";s:3:\"all\";s:10:\"last_check\";i:1496254137;s:12:\"suppliers_id\";s:1:\"0\";}' WHERE sesskey = 'f7477a76e2c85678a39070b2438d67ba' LIMIT 1

SELECT userid, adminid, user_name, user_rank, discount, email, data, expiry FROM `db_fresh_shop`.`cy_sessions` WHERE sesskey = 'f7477a76e2c85678a39070b2438d67ba'

SELECT code, value FROM `db_fresh_shop`.`cy_shop_config` WHERE parent_id > 0

SELECT COUNT(*) FROM `db_fresh_shop`.`cy_order_info` WHERE add_time >= '1496254137'

SELECT COUNT(*) FROM `db_fresh_shop`.`cy_order_info` WHERE pay_time >= 1496254137

UPDATE `db_fresh_shop`.`cy_sessions` SET expiry = '1496283117', ip = '118.206.28.143', userid = '0', adminid = '1', user_name='0', user_rank='0', discount='0', email='0', data = 'a:4:{s:10:\"admin_name\";s:5:\"admin\";s:11:\"action_list\";s:3:\"all\";s:10:\"last_check\";i:1496254317;s:12:\"suppliers_id\";s:1:\"0\";}' WHERE sesskey = 'f7477a76e2c85678a39070b2438d67ba' LIMIT 1

DELETE FROM `db_fresh_shop`.`cy_sessions_data` WHERE expiry < 1496281317

SELECT userid, adminid, user_name, user_rank, discount, email, data, expiry FROM `db_fresh_shop`.`cy_sessions` WHERE sesskey = 'f7477a76e2c85678a39070b2438d67ba'

SELECT code, value FROM `db_fresh_shop`.`cy_shop_config` WHERE parent_id > 0

SELECT COUNT(*) FROM `db_fresh_shop`.`cy_order_info` WHERE add_time >= '1496254317'

SELECT COUNT(*) FROM `db_fresh_shop`.`cy_order_info` WHERE pay_time >= 1496254317

UPDATE `db_fresh_shop`.`cy_sessions` SET expiry = '1496283297', ip = '118.206.28.143', userid = '0', adminid = '1', user_name='0', user_rank='0', discount='0', email='0', data = 'a:4:{s:10:\"admin_name\";s:5:\"admin\";s:11:\"action_list\";s:3:\"all\";s:10:\"last_check\";i:1496254497;s:12:\"suppliers_id\";s:1:\"0\";}' WHERE sesskey = 'f7477a76e2c85678a39070b2438d67ba' LIMIT 1

SELECT userid, adminid, user_name, user_rank, discount, email, data, expiry FROM `db_fresh_shop`.`cy_sessions` WHERE sesskey = 'f7477a76e2c85678a39070b2438d67ba'

SELECT code, value FROM `db_fresh_shop`.`cy_shop_config` WHERE parent_id > 0

SELECT COUNT(*) FROM `db_fresh_shop`.`cy_order_info` WHERE add_time >= '1496254497'

SELECT COUNT(*) FROM `db_fresh_shop`.`cy_order_info` WHERE pay_time >= 1496254497

UPDATE `db_fresh_shop`.`cy_sessions` SET expiry = '1496283477', ip = '118.206.28.143', userid = '0', adminid = '1', user_name='0', user_rank='0', discount='0', email='0', data = 'a:4:{s:10:\"admin_name\";s:5:\"admin\";s:11:\"action_list\";s:3:\"all\";s:10:\"last_check\";i:1496254677;s:12:\"suppliers_id\";s:1:\"0\";}' WHERE sesskey = 'f7477a76e2c85678a39070b2438d67ba' LIMIT 1

DELETE FROM `db_fresh_shop`.`cy_sessions_data` WHERE expiry < 1496281677

SELECT userid, adminid, user_name, user_rank, discount, email, data, expiry FROM `db_fresh_shop`.`cy_sessions` WHERE sesskey = 'f7477a76e2c85678a39070b2438d67ba'

SELECT code, value FROM `db_fresh_shop`.`cy_shop_config` WHERE parent_id > 0

SELECT COUNT(*) FROM `db_fresh_shop`.`cy_order_info` WHERE add_time >= '1496254677'

SELECT COUNT(*) FROM `db_fresh_shop`.`cy_order_info` WHERE pay_time >= 1496254677

UPDATE `db_fresh_shop`.`cy_sessions` SET expiry = '1496283657', ip = '118.206.28.143', userid = '0', adminid = '1', user_name='0', user_rank='0', discount='0', email='0', data = 'a:4:{s:10:\"admin_name\";s:5:\"admin\";s:11:\"action_list\";s:3:\"all\";s:10:\"last_check\";i:1496254857;s:12:\"suppliers_id\";s:1:\"0\";}' WHERE sesskey = 'f7477a76e2c85678a39070b2438d67ba' LIMIT 1

SELECT userid, adminid, user_name, user_rank, discount, email, data, expiry FROM `db_fresh_shop`.`cy_sessions` WHERE sesskey = 'f7477a76e2c85678a39070b2438d67ba'

SELECT code, value FROM `db_fresh_shop`.`cy_shop_config` WHERE parent_id > 0

SELECT COUNT(*) FROM `db_fresh_shop`.`cy_order_info` WHERE add_time >= '1496254857'

SELECT COUNT(*) FROM `db_fresh_shop`.`cy_order_info` WHERE pay_time >= 1496254857

UPDATE `db_fresh_shop`.`cy_sessions` SET expiry = '1496283838', ip = '118.206.28.143', userid = '0', adminid = '1', user_name='0', user_rank='0', discount='0', email='0', data = 'a:4:{s:10:\"admin_name\";s:5:\"admin\";s:11:\"action_list\";s:3:\"all\";s:10:\"last_check\";i:1496255038;s:12:\"suppliers_id\";s:1:\"0\";}' WHERE sesskey = 'f7477a76e2c85678a39070b2438d67ba' LIMIT 1

DELETE FROM `db_fresh_shop`.`cy_sessions` WHERE expiry < 1496282038

SELECT userid, adminid, user_name, user_rank, discount, email, data, expiry FROM `db_fresh_shop`.`cy_sessions` WHERE sesskey = 'f7477a76e2c85678a39070b2438d67ba'

SELECT code, value FROM `db_fresh_shop`.`cy_shop_config` WHERE parent_id > 0

SELECT COUNT(*) FROM `db_fresh_shop`.`cy_order_info` WHERE add_time >= '1496255038'

SELECT COUNT(*) FROM `db_fresh_shop`.`cy_order_info` WHERE pay_time >= 1496255038

UPDATE `db_fresh_shop`.`cy_sessions` SET expiry = '1496284018', ip = '118.206.28.143', userid = '0', adminid = '1', user_name='0', user_rank='0', discount='0', email='0', data = 'a:4:{s:10:\"admin_name\";s:5:\"admin\";s:11:\"action_list\";s:3:\"all\";s:10:\"last_check\";i:1496255218;s:12:\"suppliers_id\";s:1:\"0\";}' WHERE sesskey = 'f7477a76e2c85678a39070b2438d67ba' LIMIT 1

DELETE FROM `db_fresh_shop`.`cy_sessions` WHERE expiry < 1496282218

SELECT userid, adminid, user_name, user_rank, discount, email, data, expiry FROM `db_fresh_shop`.`cy_sessions` WHERE sesskey = 'f7477a76e2c85678a39070b2438d67ba'

SELECT code, value FROM `db_fresh_shop`.`cy_shop_config` WHERE parent_id > 0

SELECT COUNT(*) FROM `db_fresh_shop`.`cy_order_info` WHERE add_time >= '1496255218'

SELECT COUNT(*) FROM `db_fresh_shop`.`cy_order_info` WHERE pay_time >= 1496255218

UPDATE `db_fresh_shop`.`cy_sessions` SET expiry = '1496284198', ip = '118.206.28.143', userid = '0', adminid = '1', user_name='0', user_rank='0', discount='0', email='0', data = 'a:4:{s:10:\"admin_name\";s:5:\"admin\";s:11:\"action_list\";s:3:\"all\";s:10:\"last_check\";i:1496255398;s:12:\"suppliers_id\";s:1:\"0\";}' WHERE sesskey = 'f7477a76e2c85678a39070b2438d67ba' LIMIT 1

DELETE FROM `db_fresh_shop`.`cy_sessions` WHERE expiry < 1496282398

SELECT userid, adminid, user_name, user_rank, discount, email, data, expiry FROM `db_fresh_shop`.`cy_sessions` WHERE sesskey = 'f7477a76e2c85678a39070b2438d67ba'

SELECT code, value FROM `db_fresh_shop`.`cy_shop_config` WHERE parent_id > 0

SELECT COUNT(*) FROM `db_fresh_shop`.`cy_order_info` WHERE add_time >= '1496255398'

SELECT COUNT(*) FROM `db_fresh_shop`.`cy_order_info` WHERE pay_time >= 1496255398

UPDATE `db_fresh_shop`.`cy_sessions` SET expiry = '1496284377', ip = '118.206.28.143', userid = '0', adminid = '1', user_name='0', user_rank='0', discount='0', email='0', data = 'a:4:{s:10:\"admin_name\";s:5:\"admin\";s:11:\"action_list\";s:3:\"all\";s:10:\"last_check\";i:1496255577;s:12:\"suppliers_id\";s:1:\"0\";}' WHERE sesskey = 'f7477a76e2c85678a39070b2438d67ba' LIMIT 1

SELECT userid, adminid, user_name, user_rank, discount, email, data, expiry FROM `db_fresh_shop`.`cy_sessions` WHERE sesskey = 'f7477a76e2c85678a39070b2438d67ba'

SELECT code, value FROM `db_fresh_shop`.`cy_shop_config` WHERE parent_id > 0

SELECT COUNT(*) FROM `db_fresh_shop`.`cy_order_info` WHERE add_time >= '1496255577'

SELECT COUNT(*) FROM `db_fresh_shop`.`cy_order_info` WHERE pay_time >= 1496255577

UPDATE `db_fresh_shop`.`cy_sessions` SET expiry = '1496284557', ip = '118.206.28.143', userid = '0', adminid = '1', user_name='0', user_rank='0', discount='0', email='0', data = 'a:4:{s:10:\"admin_name\";s:5:\"admin\";s:11:\"action_list\";s:3:\"all\";s:10:\"last_check\";i:1496255757;s:12:\"suppliers_id\";s:1:\"0\";}' WHERE sesskey = 'f7477a76e2c85678a39070b2438d67ba' LIMIT 1

SELECT userid, adminid, user_name, user_rank, discount, email, data, expiry FROM `db_fresh_shop`.`cy_sessions` WHERE sesskey = 'f7477a76e2c85678a39070b2438d67ba'

SELECT code, value FROM `db_fresh_shop`.`cy_shop_config` WHERE parent_id > 0

SELECT COUNT(*) FROM `db_fresh_shop`.`cy_order_info` WHERE add_time >= '1496255757'

SELECT COUNT(*) FROM `db_fresh_shop`.`cy_order_info` WHERE pay_time >= 1496255757

UPDATE `db_fresh_shop`.`cy_sessions` SET expiry = '1496284738', ip = '118.206.28.143', userid = '0', adminid = '1', user_name='0', user_rank='0', discount='0', email='0', data = 'a:4:{s:10:\"admin_name\";s:5:\"admin\";s:11:\"action_list\";s:3:\"all\";s:10:\"last_check\";i:1496255938;s:12:\"suppliers_id\";s:1:\"0\";}' WHERE sesskey = 'f7477a76e2c85678a39070b2438d67ba' LIMIT 1

DELETE FROM `db_fresh_shop`.`cy_sessions_data` WHERE expiry < 1496282938

DELETE FROM `db_fresh_shop`.`cy_sessions` WHERE expiry < 1496282938

SELECT userid, adminid, user_name, user_rank, discount, email, data, expiry FROM `db_fresh_shop`.`cy_sessions` WHERE sesskey = 'f7477a76e2c85678a39070b2438d67ba'

SELECT code, value FROM `db_fresh_shop`.`cy_shop_config` WHERE parent_id > 0

SELECT COUNT(*) FROM `db_fresh_shop`.`cy_order_info` WHERE add_time >= '1496255938'

SELECT COUNT(*) FROM `db_fresh_shop`.`cy_order_info` WHERE pay_time >= 1496255938

UPDATE `db_fresh_shop`.`cy_sessions` SET expiry = '1496284918', ip = '118.206.28.143', userid = '0', adminid = '1', user_name='0', user_rank='0', discount='0', email='0', data = 'a:4:{s:10:\"admin_name\";s:5:\"admin\";s:11:\"action_list\";s:3:\"all\";s:10:\"last_check\";i:1496256118;s:12:\"suppliers_id\";s:1:\"0\";}' WHERE sesskey = 'f7477a76e2c85678a39070b2438d67ba' LIMIT 1

DELETE FROM `db_fresh_shop`.`cy_sessions` WHERE expiry < 1496283118

SELECT userid, adminid, user_name, user_rank, discount, email, data, expiry FROM `db_fresh_shop`.`cy_sessions` WHERE sesskey = 'f7477a76e2c85678a39070b2438d67ba'

SELECT code, value FROM `db_fresh_shop`.`cy_shop_config` WHERE parent_id > 0

SELECT COUNT(*) FROM `db_fresh_shop`.`cy_order_info` WHERE add_time >= '1496256118'

SELECT COUNT(*) FROM `db_fresh_shop`.`cy_order_info` WHERE pay_time >= 1496256118

UPDATE `db_fresh_shop`.`cy_sessions` SET expiry = '1496285098', ip = '118.206.28.143', userid = '0', adminid = '1', user_name='0', user_rank='0', discount='0', email='0', data = 'a:4:{s:10:\"admin_name\";s:5:\"admin\";s:11:\"action_list\";s:3:\"all\";s:10:\"last_check\";i:1496256298;s:12:\"suppliers_id\";s:1:\"0\";}' WHERE sesskey = 'f7477a76e2c85678a39070b2438d67ba' LIMIT 1

DELETE FROM `db_fresh_shop`.`cy_sessions` WHERE expiry < 1496283298

SELECT userid, adminid, user_name, user_rank, discount, email, data, expiry FROM `db_fresh_shop`.`cy_sessions` WHERE sesskey = 'f7477a76e2c85678a39070b2438d67ba'

SELECT code, value FROM `db_fresh_shop`.`cy_shop_config` WHERE parent_id > 0

SELECT COUNT(*) FROM `db_fresh_shop`.`cy_order_info` WHERE add_time >= '1496256298'

SELECT COUNT(*) FROM `db_fresh_shop`.`cy_order_info` WHERE pay_time >= 1496256298

UPDATE `db_fresh_shop`.`cy_sessions` SET expiry = '1496285278', ip = '118.206.28.143', userid = '0', adminid = '1', user_name='0', user_rank='0', discount='0', email='0', data = 'a:4:{s:10:\"admin_name\";s:5:\"admin\";s:11:\"action_list\";s:3:\"all\";s:10:\"last_check\";i:1496256478;s:12:\"suppliers_id\";s:1:\"0\";}' WHERE sesskey = 'f7477a76e2c85678a39070b2438d67ba' LIMIT 1

DELETE FROM `db_fresh_shop`.`cy_sessions` WHERE expiry < 1496283478

SELECT userid, adminid, user_name, user_rank, discount, email, data, expiry FROM `db_fresh_shop`.`cy_sessions` WHERE sesskey = 'f7477a76e2c85678a39070b2438d67ba'

SELECT code, value FROM `db_fresh_shop`.`cy_shop_config` WHERE parent_id > 0

SELECT COUNT(*) FROM `db_fresh_shop`.`cy_order_info` WHERE add_time >= '1496256478'

SELECT COUNT(*) FROM `db_fresh_shop`.`cy_order_info` WHERE pay_time >= 1496256478

UPDATE `db_fresh_shop`.`cy_sessions` SET expiry = '1496285458', ip = '118.206.28.143', userid = '0', adminid = '1', user_name='0', user_rank='0', discount='0', email='0', data = 'a:4:{s:10:\"admin_name\";s:5:\"admin\";s:11:\"action_list\";s:3:\"all\";s:10:\"last_check\";i:1496256658;s:12:\"suppliers_id\";s:1:\"0\";}' WHERE sesskey = 'f7477a76e2c85678a39070b2438d67ba' LIMIT 1

DELETE FROM `db_fresh_shop`.`cy_sessions` WHERE expiry < 1496283658

SELECT userid, adminid, user_name, user_rank, discount, email, data, expiry FROM `db_fresh_shop`.`cy_sessions` WHERE sesskey = 'f7477a76e2c85678a39070b2438d67ba'

SELECT code, value FROM `db_fresh_shop`.`cy_shop_config` WHERE parent_id > 0

SELECT COUNT(*) FROM `db_fresh_shop`.`cy_order_info` WHERE add_time >= '1496256658'

SELECT COUNT(*) FROM `db_fresh_shop`.`cy_order_info` WHERE pay_time >= 1496256658

UPDATE `db_fresh_shop`.`cy_sessions` SET expiry = '1496285638', ip = '118.206.28.143', userid = '0', adminid = '1', user_name='0', user_rank='0', discount='0', email='0', data = 'a:4:{s:10:\"admin_name\";s:5:\"admin\";s:11:\"action_list\";s:3:\"all\";s:10:\"last_check\";i:1496256838;s:12:\"suppliers_id\";s:1:\"0\";}' WHERE sesskey = 'f7477a76e2c85678a39070b2438d67ba' LIMIT 1

DELETE FROM `db_fresh_shop`.`cy_sessions` WHERE expiry < 1496283838

SELECT userid, adminid, user_name, user_rank, discount, email, data, expiry FROM `db_fresh_shop`.`cy_sessions` WHERE sesskey = 'f7477a76e2c85678a39070b2438d67ba'

SELECT code, value FROM `db_fresh_shop`.`cy_shop_config` WHERE parent_id > 0

SELECT COUNT(*) FROM `db_fresh_shop`.`cy_order_info` WHERE add_time >= '1496256838'

SELECT COUNT(*) FROM `db_fresh_shop`.`cy_order_info` WHERE pay_time >= 1496256838

UPDATE `db_fresh_shop`.`cy_sessions` SET expiry = '1496285818', ip = '118.206.28.143', userid = '0', adminid = '1', user_name='0', user_rank='0', discount='0', email='0', data = 'a:4:{s:10:\"admin_name\";s:5:\"admin\";s:11:\"action_list\";s:3:\"all\";s:10:\"last_check\";i:1496257018;s:12:\"suppliers_id\";s:1:\"0\";}' WHERE sesskey = 'f7477a76e2c85678a39070b2438d67ba' LIMIT 1

DELETE FROM `db_fresh_shop`.`cy_sessions_data` WHERE expiry < 1496284018

DELETE FROM `db_fresh_shop`.`cy_sessions` WHERE expiry < 1496284018

SELECT userid, adminid, user_name, user_rank, discount, email, data, expiry FROM `db_fresh_shop`.`cy_sessions` WHERE sesskey = 'f7477a76e2c85678a39070b2438d67ba'

SELECT code, value FROM `db_fresh_shop`.`cy_shop_config` WHERE parent_id > 0

SELECT COUNT(*) FROM `db_fresh_shop`.`cy_order_info` WHERE add_time >= '1496257018'

SELECT COUNT(*) FROM `db_fresh_shop`.`cy_order_info` WHERE pay_time >= 1496257018

UPDATE `db_fresh_shop`.`cy_sessions` SET expiry = '1496285998', ip = '118.206.28.143', userid = '0', adminid = '1', user_name='0', user_rank='0', discount='0', email='0', data = 'a:4:{s:10:\"admin_name\";s:5:\"admin\";s:11:\"action_list\";s:3:\"all\";s:10:\"last_check\";i:1496257198;s:12:\"suppliers_id\";s:1:\"0\";}' WHERE sesskey = 'f7477a76e2c85678a39070b2438d67ba' LIMIT 1

DELETE FROM `db_fresh_shop`.`cy_sessions_data` WHERE expiry < 1496284198

DELETE FROM `db_fresh_shop`.`cy_sessions` WHERE expiry < 1496284198

SELECT userid, adminid, user_name, user_rank, discount, email, data, expiry FROM `db_fresh_shop`.`cy_sessions` WHERE sesskey = 'f7477a76e2c85678a39070b2438d67ba'

SELECT code, value FROM `db_fresh_shop`.`cy_shop_config` WHERE parent_id > 0

SELECT COUNT(*) FROM `db_fresh_shop`.`cy_order_info` WHERE add_time >= '1496257198'

SELECT COUNT(*) FROM `db_fresh_shop`.`cy_order_info` WHERE pay_time >= 1496257198

UPDATE `db_fresh_shop`.`cy_sessions` SET expiry = '1496286178', ip = '118.206.28.143', userid = '0', adminid = '1', user_name='0', user_rank='0', discount='0', email='0', data = 'a:4:{s:10:\"admin_name\";s:5:\"admin\";s:11:\"action_list\";s:3:\"all\";s:10:\"last_check\";i:1496257378;s:12:\"suppliers_id\";s:1:\"0\";}' WHERE sesskey = 'f7477a76e2c85678a39070b2438d67ba' LIMIT 1

DELETE FROM `db_fresh_shop`.`cy_sessions_data` WHERE expiry < 1496284378

DELETE FROM `db_fresh_shop`.`cy_sessions` WHERE expiry < 1496284378

SELECT userid, adminid, user_name, user_rank, discount, email, data, expiry FROM `db_fresh_shop`.`cy_sessions` WHERE sesskey = 'f7477a76e2c85678a39070b2438d67ba'

SELECT code, value FROM `db_fresh_shop`.`cy_shop_config` WHERE parent_id > 0

SELECT COUNT(*) FROM `db_fresh_shop`.`cy_order_info` WHERE add_time >= '1496257378'

SELECT COUNT(*) FROM `db_fresh_shop`.`cy_order_info` WHERE pay_time >= 1496257378

UPDATE `db_fresh_shop`.`cy_sessions` SET expiry = '1496286358', ip = '118.206.28.143', userid = '0', adminid = '1', user_name='0', user_rank='0', discount='0', email='0', data = 'a:4:{s:10:\"admin_name\";s:5:\"admin\";s:11:\"action_list\";s:3:\"all\";s:10:\"last_check\";i:1496257558;s:12:\"suppliers_id\";s:1:\"0\";}' WHERE sesskey = 'f7477a76e2c85678a39070b2438d67ba' LIMIT 1

DELETE FROM `db_fresh_shop`.`cy_sessions` WHERE expiry < 1496284558

SELECT userid, adminid, user_name, user_rank, discount, email, data, expiry FROM `db_fresh_shop`.`cy_sessions` WHERE sesskey = 'f7477a76e2c85678a39070b2438d67ba'

SELECT code, value FROM `db_fresh_shop`.`cy_shop_config` WHERE parent_id > 0

SELECT COUNT(*) FROM `db_fresh_shop`.`cy_order_info` WHERE add_time >= '1496257558'

SELECT COUNT(*) FROM `db_fresh_shop`.`cy_order_info` WHERE pay_time >= 1496257558

UPDATE `db_fresh_shop`.`cy_sessions` SET expiry = '1496286538', ip = '118.206.28.143', userid = '0', adminid = '1', user_name='0', user_rank='0', discount='0', email='0', data = 'a:4:{s:10:\"admin_name\";s:5:\"admin\";s:11:\"action_list\";s:3:\"all\";s:10:\"last_check\";i:1496257738;s:12:\"suppliers_id\";s:1:\"0\";}' WHERE sesskey = 'f7477a76e2c85678a39070b2438d67ba' LIMIT 1

DELETE FROM `db_fresh_shop`.`cy_sessions` WHERE expiry < 1496284738

SELECT userid, adminid, user_name, user_rank, discount, email, data, expiry FROM `db_fresh_shop`.`cy_sessions` WHERE sesskey = 'f7477a76e2c85678a39070b2438d67ba'

SELECT code, value FROM `db_fresh_shop`.`cy_shop_config` WHERE parent_id > 0

SELECT COUNT(*) FROM `db_fresh_shop`.`cy_order_info` WHERE add_time >= '1496257738'

SELECT COUNT(*) FROM `db_fresh_shop`.`cy_order_info` WHERE pay_time >= 1496257738

UPDATE `db_fresh_shop`.`cy_sessions` SET expiry = '1496286718', ip = '118.206.28.143', userid = '0', adminid = '1', user_name='0', user_rank='0', discount='0', email='0', data = 'a:4:{s:10:\"admin_name\";s:5:\"admin\";s:11:\"action_list\";s:3:\"all\";s:10:\"last_check\";i:1496257918;s:12:\"suppliers_id\";s:1:\"0\";}' WHERE sesskey = 'f7477a76e2c85678a39070b2438d67ba' LIMIT 1

DELETE FROM `db_fresh_shop`.`cy_sessions_data` WHERE expiry < 1496284918

DELETE FROM `db_fresh_shop`.`cy_sessions` WHERE expiry < 1496284918

SELECT userid, adminid, user_name, user_rank, discount, email, data, expiry FROM `db_fresh_shop`.`cy_sessions` WHERE sesskey = 'f7477a76e2c85678a39070b2438d67ba'

SELECT code, value FROM `db_fresh_shop`.`cy_shop_config` WHERE parent_id > 0

SELECT COUNT(*) FROM `db_fresh_shop`.`cy_order_info` WHERE add_time >= '1496257918'

SELECT COUNT(*) FROM `db_fresh_shop`.`cy_order_info` WHERE pay_time >= 1496257918

UPDATE `db_fresh_shop`.`cy_sessions` SET expiry = '1496286898', ip = '118.206.28.143', userid = '0', adminid = '1', user_name='0', user_rank='0', discount='0', email='0', data = 'a:4:{s:10:\"admin_name\";s:5:\"admin\";s:11:\"action_list\";s:3:\"all\";s:10:\"last_check\";i:1496258098;s:12:\"suppliers_id\";s:1:\"0\";}' WHERE sesskey = 'f7477a76e2c85678a39070b2438d67ba' LIMIT 1

DELETE FROM `db_fresh_shop`.`cy_sessions` WHERE expiry < 1496285098

SELECT userid, adminid, user_name, user_rank, discount, email, data, expiry FROM `db_fresh_shop`.`cy_sessions` WHERE sesskey = 'f7477a76e2c85678a39070b2438d67ba'

SELECT code, value FROM `db_fresh_shop`.`cy_shop_config` WHERE parent_id > 0

SELECT COUNT(*) FROM `db_fresh_shop`.`cy_order_info` WHERE add_time >= '1496258098'

SELECT COUNT(*) FROM `db_fresh_shop`.`cy_order_info` WHERE pay_time >= 1496258098

UPDATE `db_fresh_shop`.`cy_sessions` SET expiry = '1496287078', ip = '118.206.28.143', userid = '0', adminid = '1', user_name='0', user_rank='0', discount='0', email='0', data = 'a:4:{s:10:\"admin_name\";s:5:\"admin\";s:11:\"action_list\";s:3:\"all\";s:10:\"last_check\";i:1496258278;s:12:\"suppliers_id\";s:1:\"0\";}' WHERE sesskey = 'f7477a76e2c85678a39070b2438d67ba' LIMIT 1

DELETE FROM `db_fresh_shop`.`cy_sessions` WHERE expiry < 1496285278

SELECT userid, adminid, user_name, user_rank, discount, email, data, expiry FROM `db_fresh_shop`.`cy_sessions` WHERE sesskey = 'f7477a76e2c85678a39070b2438d67ba'

SELECT code, value FROM `db_fresh_shop`.`cy_shop_config` WHERE parent_id > 0

SELECT COUNT(*) FROM `db_fresh_shop`.`cy_order_info` WHERE add_time >= '1496258278'

SELECT COUNT(*) FROM `db_fresh_shop`.`cy_order_info` WHERE pay_time >= 1496258278

UPDATE `db_fresh_shop`.`cy_sessions` SET expiry = '1496287258', ip = '118.206.28.143', userid = '0', adminid = '1', user_name='0', user_rank='0', discount='0', email='0', data = 'a:4:{s:10:\"admin_name\";s:5:\"admin\";s:11:\"action_list\";s:3:\"all\";s:10:\"last_check\";i:1496258458;s:12:\"suppliers_id\";s:1:\"0\";}' WHERE sesskey = 'f7477a76e2c85678a39070b2438d67ba' LIMIT 1

DELETE FROM `db_fresh_shop`.`cy_sessions_data` WHERE expiry < 1496285458

DELETE FROM `db_fresh_shop`.`cy_sessions` WHERE expiry < 1496285458

SELECT userid, adminid, user_name, user_rank, discount, email, data, expiry FROM `db_fresh_shop`.`cy_sessions` WHERE sesskey = 'f7477a76e2c85678a39070b2438d67ba'

SELECT code, value FROM `db_fresh_shop`.`cy_shop_config` WHERE parent_id > 0

SELECT COUNT(*) FROM `db_fresh_shop`.`cy_order_info` WHERE add_time >= '1496258458'

SELECT COUNT(*) FROM `db_fresh_shop`.`cy_order_info` WHERE pay_time >= 1496258458

UPDATE `db_fresh_shop`.`cy_sessions` SET expiry = '1496287438', ip = '118.206.28.143', userid = '0', adminid = '1', user_name='0', user_rank='0', discount='0', email='0', data = 'a:4:{s:10:\"admin_name\";s:5:\"admin\";s:11:\"action_list\";s:3:\"all\";s:10:\"last_check\";i:1496258638;s:12:\"suppliers_id\";s:1:\"0\";}' WHERE sesskey = 'f7477a76e2c85678a39070b2438d67ba' LIMIT 1

DELETE FROM `db_fresh_shop`.`cy_sessions_data` WHERE expiry < 1496285638

DELETE FROM `db_fresh_shop`.`cy_sessions` WHERE expiry < 1496285638

SELECT userid, adminid, user_name, user_rank, discount, email, data, expiry FROM `db_fresh_shop`.`cy_sessions` WHERE sesskey = 'f7477a76e2c85678a39070b2438d67ba'

SELECT code, value FROM `db_fresh_shop`.`cy_shop_config` WHERE parent_id > 0

SELECT COUNT(*) FROM `db_fresh_shop`.`cy_order_info` WHERE add_time >= '1496258638'

SELECT COUNT(*) FROM `db_fresh_shop`.`cy_order_info` WHERE pay_time >= 1496258638

UPDATE `db_fresh_shop`.`cy_sessions` SET expiry = '1496287618', ip = '118.206.28.143', userid = '0', adminid = '1', user_name='0', user_rank='0', discount='0', email='0', data = 'a:4:{s:10:\"admin_name\";s:5:\"admin\";s:11:\"action_list\";s:3:\"all\";s:10:\"last_check\";i:1496258818;s:12:\"suppliers_id\";s:1:\"0\";}' WHERE sesskey = 'f7477a76e2c85678a39070b2438d67ba' LIMIT 1

DELETE FROM `db_fresh_shop`.`cy_sessions` WHERE expiry < 1496285818

SELECT userid, adminid, user_name, user_rank, discount, email, data, expiry FROM `db_fresh_shop`.`cy_sessions` WHERE sesskey = 'f7477a76e2c85678a39070b2438d67ba'

SELECT code, value FROM `db_fresh_shop`.`cy_shop_config` WHERE parent_id > 0

SELECT COUNT(*) FROM `db_fresh_shop`.`cy_order_info` WHERE add_time >= '1496258818'

SELECT COUNT(*) FROM `db_fresh_shop`.`cy_order_info` WHERE pay_time >= 1496258818

UPDATE `db_fresh_shop`.`cy_sessions` SET expiry = '1496287798', ip = '118.206.28.143', userid = '0', adminid = '1', user_name='0', user_rank='0', discount='0', email='0', data = 'a:4:{s:10:\"admin_name\";s:5:\"admin\";s:11:\"action_list\";s:3:\"all\";s:10:\"last_check\";i:1496258998;s:12:\"suppliers_id\";s:1:\"0\";}' WHERE sesskey = 'f7477a76e2c85678a39070b2438d67ba' LIMIT 1

DELETE FROM `db_fresh_shop`.`cy_sessions_data` WHERE expiry < 1496285998

DELETE FROM `db_fresh_shop`.`cy_sessions` WHERE expiry < 1496285998

SELECT userid, adminid, user_name, user_rank, discount, email, data, expiry FROM `db_fresh_shop`.`cy_sessions` WHERE sesskey = 'f7477a76e2c85678a39070b2438d67ba'

SELECT code, value FROM `db_fresh_shop`.`cy_shop_config` WHERE parent_id > 0

SELECT COUNT(*) FROM `db_fresh_shop`.`cy_order_info` WHERE add_time >= '1496258998'

SELECT COUNT(*) FROM `db_fresh_shop`.`cy_order_info` WHERE pay_time >= 1496258998

UPDATE `db_fresh_shop`.`cy_sessions` SET expiry = '1496287978', ip = '118.206.28.143', userid = '0', adminid = '1', user_name='0', user_rank='0', discount='0', email='0', data = 'a:4:{s:10:\"admin_name\";s:5:\"admin\";s:11:\"action_list\";s:3:\"all\";s:10:\"last_check\";i:1496259178;s:12:\"suppliers_id\";s:1:\"0\";}' WHERE sesskey = 'f7477a76e2c85678a39070b2438d67ba' LIMIT 1

DELETE FROM `db_fresh_shop`.`cy_sessions` WHERE expiry < 1496286178

SELECT userid, adminid, user_name, user_rank, discount, email, data, expiry FROM `db_fresh_shop`.`cy_sessions` WHERE sesskey = 'f7477a76e2c85678a39070b2438d67ba'

SELECT code, value FROM `db_fresh_shop`.`cy_shop_config` WHERE parent_id > 0

SELECT COUNT(*) FROM `db_fresh_shop`.`cy_order_info` WHERE add_time >= '1496259178'

SELECT COUNT(*) FROM `db_fresh_shop`.`cy_order_info` WHERE pay_time >= 1496259178

UPDATE `db_fresh_shop`.`cy_sessions` SET expiry = '1496288159', ip = '118.206.28.143', userid = '0', adminid = '1', user_name='0', user_rank='0', discount='0', email='0', data = 'a:4:{s:10:\"admin_name\";s:5:\"admin\";s:11:\"action_list\";s:3:\"all\";s:10:\"last_check\";i:1496259359;s:12:\"suppliers_id\";s:1:\"0\";}' WHERE sesskey = 'f7477a76e2c85678a39070b2438d67ba' LIMIT 1

SELECT userid, adminid, user_name, user_rank, discount, email, data, expiry FROM `db_fresh_shop`.`cy_sessions` WHERE sesskey = 'f7477a76e2c85678a39070b2438d67ba'

SELECT code, value FROM `db_fresh_shop`.`cy_shop_config` WHERE parent_id > 0

SELECT COUNT(*) FROM `db_fresh_shop`.`cy_order_info` WHERE add_time >= '1496259359'

SELECT COUNT(*) FROM `db_fresh_shop`.`cy_order_info` WHERE pay_time >= 1496259359

UPDATE `db_fresh_shop`.`cy_sessions` SET expiry = '1496288338', ip = '118.206.28.143', userid = '0', adminid = '1', user_name='0', user_rank='0', discount='0', email='0', data = 'a:4:{s:10:\"admin_name\";s:5:\"admin\";s:11:\"action_list\";s:3:\"all\";s:10:\"last_check\";i:1496259538;s:12:\"suppliers_id\";s:1:\"0\";}' WHERE sesskey = 'f7477a76e2c85678a39070b2438d67ba' LIMIT 1

DELETE FROM `db_fresh_shop`.`cy_sessions_data` WHERE expiry < 1496286538

DELETE FROM `db_fresh_shop`.`cy_sessions` WHERE expiry < 1496286538

SELECT userid, adminid, user_name, user_rank, discount, email, data, expiry FROM `db_fresh_shop`.`cy_sessions` WHERE sesskey = 'f7477a76e2c85678a39070b2438d67ba'

SELECT code, value FROM `db_fresh_shop`.`cy_shop_config` WHERE parent_id > 0

SELECT COUNT(*) FROM `db_fresh_shop`.`cy_order_info` WHERE add_time >= '1496259538'

SELECT COUNT(*) FROM `db_fresh_shop`.`cy_order_info` WHERE pay_time >= 1496259538

UPDATE `db_fresh_shop`.`cy_sessions` SET expiry = '1496288518', ip = '118.206.28.143', userid = '0', adminid = '1', user_name='0', user_rank='0', discount='0', email='0', data = 'a:4:{s:10:\"admin_name\";s:5:\"admin\";s:11:\"action_list\";s:3:\"all\";s:10:\"last_check\";i:1496259718;s:12:\"suppliers_id\";s:1:\"0\";}' WHERE sesskey = 'f7477a76e2c85678a39070b2438d67ba' LIMIT 1

DELETE FROM `db_fresh_shop`.`cy_sessions` WHERE expiry < 1496286718

SELECT userid, adminid, user_name, user_rank, discount, email, data, expiry FROM `db_fresh_shop`.`cy_sessions` WHERE sesskey = 'f7477a76e2c85678a39070b2438d67ba'

SELECT code, value FROM `db_fresh_shop`.`cy_shop_config` WHERE parent_id > 0

SELECT COUNT(*) FROM `db_fresh_shop`.`cy_order_info` WHERE add_time >= '1496259718'

SELECT COUNT(*) FROM `db_fresh_shop`.`cy_order_info` WHERE pay_time >= 1496259718

UPDATE `db_fresh_shop`.`cy_sessions` SET expiry = '1496288698', ip = '118.206.28.143', userid = '0', adminid = '1', user_name='0', user_rank='0', discount='0', email='0', data = 'a:4:{s:10:\"admin_name\";s:5:\"admin\";s:11:\"action_list\";s:3:\"all\";s:10:\"last_check\";i:1496259898;s:12:\"suppliers_id\";s:1:\"0\";}' WHERE sesskey = 'f7477a76e2c85678a39070b2438d67ba' LIMIT 1

DELETE FROM `db_fresh_shop`.`cy_sessions` WHERE expiry < 1496286898

SELECT userid, adminid, user_name, user_rank, discount, email, data, expiry FROM `db_fresh_shop`.`cy_sessions` WHERE sesskey = 'f7477a76e2c85678a39070b2438d67ba'

SELECT code, value FROM `db_fresh_shop`.`cy_shop_config` WHERE parent_id > 0

SELECT COUNT(*) FROM `db_fresh_shop`.`cy_order_info` WHERE add_time >= '1496259898'

SELECT COUNT(*) FROM `db_fresh_shop`.`cy_order_info` WHERE pay_time >= 1496259898

UPDATE `db_fresh_shop`.`cy_sessions` SET expiry = '1496288878', ip = '118.206.28.143', userid = '0', adminid = '1', user_name='0', user_rank='0', discount='0', email='0', data = 'a:4:{s:10:\"admin_name\";s:5:\"admin\";s:11:\"action_list\";s:3:\"all\";s:10:\"last_check\";i:1496260078;s:12:\"suppliers_id\";s:1:\"0\";}' WHERE sesskey = 'f7477a76e2c85678a39070b2438d67ba' LIMIT 1

DELETE FROM `db_fresh_shop`.`cy_sessions` WHERE expiry < 1496287078

SELECT userid, adminid, user_name, user_rank, discount, email, data, expiry FROM `db_fresh_shop`.`cy_sessions` WHERE sesskey = 'f7477a76e2c85678a39070b2438d67ba'

SELECT code, value FROM `db_fresh_shop`.`cy_shop_config` WHERE parent_id > 0

SELECT COUNT(*) FROM `db_fresh_shop`.`cy_order_info` WHERE add_time >= '1496260078'

SELECT COUNT(*) FROM `db_fresh_shop`.`cy_order_info` WHERE pay_time >= 1496260078

UPDATE `db_fresh_shop`.`cy_sessions` SET expiry = '1496289058', ip = '118.206.28.143', userid = '0', adminid = '1', user_name='0', user_rank='0', discount='0', email='0', data = 'a:4:{s:10:\"admin_name\";s:5:\"admin\";s:11:\"action_list\";s:3:\"all\";s:10:\"last_check\";i:1496260258;s:12:\"suppliers_id\";s:1:\"0\";}' WHERE sesskey = 'f7477a76e2c85678a39070b2438d67ba' LIMIT 1

DELETE FROM `db_fresh_shop`.`cy_sessions` WHERE expiry < 1496287258

SELECT userid, adminid, user_name, user_rank, discount, email, data, expiry FROM `db_fresh_shop`.`cy_sessions` WHERE sesskey = 'f7477a76e2c85678a39070b2438d67ba'

SELECT code, value FROM `db_fresh_shop`.`cy_shop_config` WHERE parent_id > 0

SELECT COUNT(*) FROM `db_fresh_shop`.`cy_order_info` WHERE add_time >= '1496260258'

SELECT COUNT(*) FROM `db_fresh_shop`.`cy_order_info` WHERE pay_time >= 1496260258

UPDATE `db_fresh_shop`.`cy_sessions` SET expiry = '1496289238', ip = '118.206.28.143', userid = '0', adminid = '1', user_name='0', user_rank='0', discount='0', email='0', data = 'a:4:{s:10:\"admin_name\";s:5:\"admin\";s:11:\"action_list\";s:3:\"all\";s:10:\"last_check\";i:1496260438;s:12:\"suppliers_id\";s:1:\"0\";}' WHERE sesskey = 'f7477a76e2c85678a39070b2438d67ba' LIMIT 1

DELETE FROM `db_fresh_shop`.`cy_sessions` WHERE expiry < 1496287438

SELECT userid, adminid, user_name, user_rank, discount, email, data, expiry FROM `db_fresh_shop`.`cy_sessions` WHERE sesskey = 'f7477a76e2c85678a39070b2438d67ba'

SELECT code, value FROM `db_fresh_shop`.`cy_shop_config` WHERE parent_id > 0

SELECT COUNT(*) FROM `db_fresh_shop`.`cy_order_info` WHERE add_time >= '1496260438'

SELECT COUNT(*) FROM `db_fresh_shop`.`cy_order_info` WHERE pay_time >= 1496260438

UPDATE `db_fresh_shop`.`cy_sessions` SET expiry = '1496289418', ip = '118.206.28.143', userid = '0', adminid = '1', user_name='0', user_rank='0', discount='0', email='0', data = 'a:4:{s:10:\"admin_name\";s:5:\"admin\";s:11:\"action_list\";s:3:\"all\";s:10:\"last_check\";i:1496260618;s:12:\"suppliers_id\";s:1:\"0\";}' WHERE sesskey = 'f7477a76e2c85678a39070b2438d67ba' LIMIT 1

DELETE FROM `db_fresh_shop`.`cy_sessions` WHERE expiry < 1496287618

SELECT userid, adminid, user_name, user_rank, discount, email, data, expiry FROM `db_fresh_shop`.`cy_sessions` WHERE sesskey = 'f7477a76e2c85678a39070b2438d67ba'

SELECT code, value FROM `db_fresh_shop`.`cy_shop_config` WHERE parent_id > 0

SELECT COUNT(*) FROM `db_fresh_shop`.`cy_order_info` WHERE add_time >= '1496260618'

SELECT COUNT(*) FROM `db_fresh_shop`.`cy_order_info` WHERE pay_time >= 1496260618

UPDATE `db_fresh_shop`.`cy_sessions` SET expiry = '1496289598', ip = '118.206.28.143', userid = '0', adminid = '1', user_name='0', user_rank='0', discount='0', email='0', data = 'a:4:{s:10:\"admin_name\";s:5:\"admin\";s:11:\"action_list\";s:3:\"all\";s:10:\"last_check\";i:1496260798;s:12:\"suppliers_id\";s:1:\"0\";}' WHERE sesskey = 'f7477a76e2c85678a39070b2438d67ba' LIMIT 1

DELETE FROM `db_fresh_shop`.`cy_sessions_data` WHERE expiry < 1496287798

DELETE FROM `db_fresh_shop`.`cy_sessions` WHERE expiry < 1496287798

SELECT userid, adminid, user_name, user_rank, discount, email, data, expiry FROM `db_fresh_shop`.`cy_sessions` WHERE sesskey = 'f7477a76e2c85678a39070b2438d67ba'

SELECT code, value FROM `db_fresh_shop`.`cy_shop_config` WHERE parent_id > 0

SELECT COUNT(*) FROM `db_fresh_shop`.`cy_order_info` WHERE add_time >= '1496260798'

SELECT COUNT(*) FROM `db_fresh_shop`.`cy_order_info` WHERE pay_time >= 1496260798

UPDATE `db_fresh_shop`.`cy_sessions` SET expiry = '1496289778', ip = '118.206.28.143', userid = '0', adminid = '1', user_name='0', user_rank='0', discount='0', email='0', data = 'a:4:{s:10:\"admin_name\";s:5:\"admin\";s:11:\"action_list\";s:3:\"all\";s:10:\"last_check\";i:1496260978;s:12:\"suppliers_id\";s:1:\"0\";}' WHERE sesskey = 'f7477a76e2c85678a39070b2438d67ba' LIMIT 1

DELETE FROM `db_fresh_shop`.`cy_sessions` WHERE expiry < 1496287978

SELECT userid, adminid, user_name, user_rank, discount, email, data, expiry FROM `db_fresh_shop`.`cy_sessions` WHERE sesskey = 'f7477a76e2c85678a39070b2438d67ba'

SELECT code, value FROM `db_fresh_shop`.`cy_shop_config` WHERE parent_id > 0

SELECT COUNT(*) FROM `db_fresh_shop`.`cy_order_info` WHERE add_time >= '1496260978'

SELECT COUNT(*) FROM `db_fresh_shop`.`cy_order_info` WHERE pay_time >= 1496260978

UPDATE `db_fresh_shop`.`cy_sessions` SET expiry = '1496289958', ip = '118.206.28.143', userid = '0', adminid = '1', user_name='0', user_rank='0', discount='0', email='0', data = 'a:4:{s:10:\"admin_name\";s:5:\"admin\";s:11:\"action_list\";s:3:\"all\";s:10:\"last_check\";i:1496261158;s:12:\"suppliers_id\";s:1:\"0\";}' WHERE sesskey = 'f7477a76e2c85678a39070b2438d67ba' LIMIT 1

DELETE FROM `db_fresh_shop`.`cy_sessions` WHERE expiry < 1496288158

SELECT userid, adminid, user_name, user_rank, discount, email, data, expiry FROM `db_fresh_shop`.`cy_sessions` WHERE sesskey = 'f7477a76e2c85678a39070b2438d67ba'

SELECT code, value FROM `db_fresh_shop`.`cy_shop_config` WHERE parent_id > 0

SELECT COUNT(*) FROM `db_fresh_shop`.`cy_order_info` WHERE add_time >= '1496261158'

SELECT COUNT(*) FROM `db_fresh_shop`.`cy_order_info` WHERE pay_time >= 1496261158

UPDATE `db_fresh_shop`.`cy_sessions` SET expiry = '1496290138', ip = '118.206.28.143', userid = '0', adminid = '1', user_name='0', user_rank='0', discount='0', email='0', data = 'a:4:{s:10:\"admin_name\";s:5:\"admin\";s:11:\"action_list\";s:3:\"all\";s:10:\"last_check\";i:1496261338;s:12:\"suppliers_id\";s:1:\"0\";}' WHERE sesskey = 'f7477a76e2c85678a39070b2438d67ba' LIMIT 1

DELETE FROM `db_fresh_shop`.`cy_sessions` WHERE expiry < 1496288338

SELECT userid, adminid, user_name, user_rank, discount, email, data, expiry FROM `db_fresh_shop`.`cy_sessions` WHERE sesskey = 'f7477a76e2c85678a39070b2438d67ba'

SELECT code, value FROM `db_fresh_shop`.`cy_shop_config` WHERE parent_id > 0

SELECT COUNT(*) FROM `db_fresh_shop`.`cy_order_info` WHERE add_time >= '1496261338'

SELECT COUNT(*) FROM `db_fresh_shop`.`cy_order_info` WHERE pay_time >= 1496261338

UPDATE `db_fresh_shop`.`cy_sessions` SET expiry = '1496290318', ip = '118.206.28.143', userid = '0', adminid = '1', user_name='0', user_rank='0', discount='0', email='0', data = 'a:4:{s:10:\"admin_name\";s:5:\"admin\";s:11:\"action_list\";s:3:\"all\";s:10:\"last_check\";i:1496261518;s:12:\"suppliers_id\";s:1:\"0\";}' WHERE sesskey = 'f7477a76e2c85678a39070b2438d67ba' LIMIT 1

DELETE FROM `db_fresh_shop`.`cy_sessions` WHERE expiry < 1496288518

SELECT userid, adminid, user_name, user_rank, discount, email, data, expiry FROM `db_fresh_shop`.`cy_sessions` WHERE sesskey = 'f7477a76e2c85678a39070b2438d67ba'

SELECT code, value FROM `db_fresh_shop`.`cy_shop_config` WHERE parent_id > 0

SELECT COUNT(*) FROM `db_fresh_shop`.`cy_order_info` WHERE add_time >= '1496261518'

SELECT COUNT(*) FROM `db_fresh_shop`.`cy_order_info` WHERE pay_time >= 1496261518

UPDATE `db_fresh_shop`.`cy_sessions` SET expiry = '1496290500', ip = '118.206.28.143', userid = '0', adminid = '1', user_name='0', user_rank='0', discount='0', email='0', data = 'a:4:{s:10:\"admin_name\";s:5:\"admin\";s:11:\"action_list\";s:3:\"all\";s:10:\"last_check\";i:1496261700;s:12:\"suppliers_id\";s:1:\"0\";}' WHERE sesskey = 'f7477a76e2c85678a39070b2438d67ba' LIMIT 1

DELETE FROM `db_fresh_shop`.`cy_sessions` WHERE expiry < 1496288700

SELECT userid, adminid, user_name, user_rank, discount, email, data, expiry FROM `db_fresh_shop`.`cy_sessions` WHERE sesskey = 'f7477a76e2c85678a39070b2438d67ba'

SELECT code, value FROM `db_fresh_shop`.`cy_shop_config` WHERE parent_id > 0

SELECT COUNT(*) FROM `db_fresh_shop`.`cy_order_info` WHERE add_time >= '1496261700'

SELECT COUNT(*) FROM `db_fresh_shop`.`cy_order_info` WHERE pay_time >= 1496261700

UPDATE `db_fresh_shop`.`cy_sessions` SET expiry = '1496290678', ip = '118.206.28.143', userid = '0', adminid = '1', user_name='0', user_rank='0', discount='0', email='0', data = 'a:4:{s:10:\"admin_name\";s:5:\"admin\";s:11:\"action_list\";s:3:\"all\";s:10:\"last_check\";i:1496261878;s:12:\"suppliers_id\";s:1:\"0\";}' WHERE sesskey = 'f7477a76e2c85678a39070b2438d67ba' LIMIT 1

DELETE FROM `db_fresh_shop`.`cy_sessions` WHERE expiry < 1496288878

SELECT userid, adminid, user_name, user_rank, discount, email, data, expiry FROM `db_fresh_shop`.`cy_sessions` WHERE sesskey = 'f7477a76e2c85678a39070b2438d67ba'

SELECT code, value FROM `db_fresh_shop`.`cy_shop_config` WHERE parent_id > 0

SELECT COUNT(*) FROM `db_fresh_shop`.`cy_order_info` WHERE add_time >= '1496261878'

SELECT COUNT(*) FROM `db_fresh_shop`.`cy_order_info` WHERE pay_time >= 1496261878

UPDATE `db_fresh_shop`.`cy_sessions` SET expiry = '1496290858', ip = '118.206.28.143', userid = '0', adminid = '1', user_name='0', user_rank='0', discount='0', email='0', data = 'a:4:{s:10:\"admin_name\";s:5:\"admin\";s:11:\"action_list\";s:3:\"all\";s:10:\"last_check\";i:1496262058;s:12:\"suppliers_id\";s:1:\"0\";}' WHERE sesskey = 'f7477a76e2c85678a39070b2438d67ba' LIMIT 1

DELETE FROM `db_fresh_shop`.`cy_sessions_data` WHERE expiry < 1496289058

DELETE FROM `db_fresh_shop`.`cy_sessions` WHERE expiry < 1496289058

SELECT userid, adminid, user_name, user_rank, discount, email, data, expiry FROM `db_fresh_shop`.`cy_sessions` WHERE sesskey = 'f7477a76e2c85678a39070b2438d67ba'

SELECT code, value FROM `db_fresh_shop`.`cy_shop_config` WHERE parent_id > 0

SELECT COUNT(*) FROM `db_fresh_shop`.`cy_order_info` WHERE add_time >= '1496262058'

SELECT COUNT(*) FROM `db_fresh_shop`.`cy_order_info` WHERE pay_time >= 1496262058

UPDATE `db_fresh_shop`.`cy_sessions` SET expiry = '1496291038', ip = '118.206.28.143', userid = '0', adminid = '1', user_name='0', user_rank='0', discount='0', email='0', data = 'a:4:{s:10:\"admin_name\";s:5:\"admin\";s:11:\"action_list\";s:3:\"all\";s:10:\"last_check\";i:1496262238;s:12:\"suppliers_id\";s:1:\"0\";}' WHERE sesskey = 'f7477a76e2c85678a39070b2438d67ba' LIMIT 1

DELETE FROM `db_fresh_shop`.`cy_sessions` WHERE expiry < 1496289238

SELECT userid, adminid, user_name, user_rank, discount, email, data, expiry FROM `db_fresh_shop`.`cy_sessions` WHERE sesskey = 'f7477a76e2c85678a39070b2438d67ba'

SELECT code, value FROM `db_fresh_shop`.`cy_shop_config` WHERE parent_id > 0

SELECT COUNT(*) FROM `db_fresh_shop`.`cy_order_info` WHERE add_time >= '1496262238'

SELECT COUNT(*) FROM `db_fresh_shop`.`cy_order_info` WHERE pay_time >= 1496262238

UPDATE `db_fresh_shop`.`cy_sessions` SET expiry = '1496291218', ip = '118.206.28.143', userid = '0', adminid = '1', user_name='0', user_rank='0', discount='0', email='0', data = 'a:4:{s:10:\"admin_name\";s:5:\"admin\";s:11:\"action_list\";s:3:\"all\";s:10:\"last_check\";i:1496262418;s:12:\"suppliers_id\";s:1:\"0\";}' WHERE sesskey = 'f7477a76e2c85678a39070b2438d67ba' LIMIT 1

DELETE FROM `db_fresh_shop`.`cy_sessions` WHERE expiry < 1496289418

SELECT userid, adminid, user_name, user_rank, discount, email, data, expiry FROM `db_fresh_shop`.`cy_sessions` WHERE sesskey = 'f7477a76e2c85678a39070b2438d67ba'

SELECT code, value FROM `db_fresh_shop`.`cy_shop_config` WHERE parent_id > 0

SELECT COUNT(*) FROM `db_fresh_shop`.`cy_order_info` WHERE add_time >= '1496262418'

SELECT COUNT(*) FROM `db_fresh_shop`.`cy_order_info` WHERE pay_time >= 1496262418

UPDATE `db_fresh_shop`.`cy_sessions` SET expiry = '1496291398', ip = '118.206.28.143', userid = '0', adminid = '1', user_name='0', user_rank='0', discount='0', email='0', data = 'a:4:{s:10:\"admin_name\";s:5:\"admin\";s:11:\"action_list\";s:3:\"all\";s:10:\"last_check\";i:1496262598;s:12:\"suppliers_id\";s:1:\"0\";}' WHERE sesskey = 'f7477a76e2c85678a39070b2438d67ba' LIMIT 1

DELETE FROM `db_fresh_shop`.`cy_sessions_data` WHERE expiry < 1496289598

DELETE FROM `db_fresh_shop`.`cy_sessions` WHERE expiry < 1496289598

SELECT userid, adminid, user_name, user_rank, discount, email, data, expiry FROM `db_fresh_shop`.`cy_sessions` WHERE sesskey = 'f7477a76e2c85678a39070b2438d67ba'

SELECT code, value FROM `db_fresh_shop`.`cy_shop_config` WHERE parent_id > 0

SELECT COUNT(*) FROM `db_fresh_shop`.`cy_order_info` WHERE add_time >= '1496262598'

SELECT COUNT(*) FROM `db_fresh_shop`.`cy_order_info` WHERE pay_time >= 1496262598

UPDATE `db_fresh_shop`.`cy_sessions` SET expiry = '1496291578', ip = '118.206.28.143', userid = '0', adminid = '1', user_name='0', user_rank='0', discount='0', email='0', data = 'a:4:{s:10:\"admin_name\";s:5:\"admin\";s:11:\"action_list\";s:3:\"all\";s:10:\"last_check\";i:1496262778;s:12:\"suppliers_id\";s:1:\"0\";}' WHERE sesskey = 'f7477a76e2c85678a39070b2438d67ba' LIMIT 1

DELETE FROM `db_fresh_shop`.`cy_sessions` WHERE expiry < 1496289778

SELECT userid, adminid, user_name, user_rank, discount, email, data, expiry FROM `db_fresh_shop`.`cy_sessions` WHERE sesskey = 'f7477a76e2c85678a39070b2438d67ba'

SELECT code, value FROM `db_fresh_shop`.`cy_shop_config` WHERE parent_id > 0

SELECT COUNT(*) FROM `db_fresh_shop`.`cy_order_info` WHERE add_time >= '1496262778'

SELECT COUNT(*) FROM `db_fresh_shop`.`cy_order_info` WHERE pay_time >= 1496262778

UPDATE `db_fresh_shop`.`cy_sessions` SET expiry = '1496291758', ip = '118.206.28.143', userid = '0', adminid = '1', user_name='0', user_rank='0', discount='0', email='0', data = 'a:4:{s:10:\"admin_name\";s:5:\"admin\";s:11:\"action_list\";s:3:\"all\";s:10:\"last_check\";i:1496262958;s:12:\"suppliers_id\";s:1:\"0\";}' WHERE sesskey = 'f7477a76e2c85678a39070b2438d67ba' LIMIT 1

DELETE FROM `db_fresh_shop`.`cy_sessions` WHERE expiry < 1496289958

SELECT userid, adminid, user_name, user_rank, discount, email, data, expiry FROM `db_fresh_shop`.`cy_sessions` WHERE sesskey = 'f7477a76e2c85678a39070b2438d67ba'

SELECT code, value FROM `db_fresh_shop`.`cy_shop_config` WHERE parent_id > 0

SELECT COUNT(*) FROM `db_fresh_shop`.`cy_order_info` WHERE add_time >= '1496262958'

SELECT COUNT(*) FROM `db_fresh_shop`.`cy_order_info` WHERE pay_time >= 1496262958

UPDATE `db_fresh_shop`.`cy_sessions` SET expiry = '1496291938', ip = '118.206.28.143', userid = '0', adminid = '1', user_name='0', user_rank='0', discount='0', email='0', data = 'a:4:{s:10:\"admin_name\";s:5:\"admin\";s:11:\"action_list\";s:3:\"all\";s:10:\"last_check\";i:1496263138;s:12:\"suppliers_id\";s:1:\"0\";}' WHERE sesskey = 'f7477a76e2c85678a39070b2438d67ba' LIMIT 1

DELETE FROM `db_fresh_shop`.`cy_sessions` WHERE expiry < 1496290138

SELECT userid, adminid, user_name, user_rank, discount, email, data, expiry FROM `db_fresh_shop`.`cy_sessions` WHERE sesskey = 'f7477a76e2c85678a39070b2438d67ba'

SELECT code, value FROM `db_fresh_shop`.`cy_shop_config` WHERE parent_id > 0

SELECT COUNT(*) FROM `db_fresh_shop`.`cy_order_info` WHERE add_time >= '1496263138'

SELECT COUNT(*) FROM `db_fresh_shop`.`cy_order_info` WHERE pay_time >= 1496263138

UPDATE `db_fresh_shop`.`cy_sessions` SET expiry = '1496292118', ip = '118.206.28.143', userid = '0', adminid = '1', user_name='0', user_rank='0', discount='0', email='0', data = 'a:4:{s:10:\"admin_name\";s:5:\"admin\";s:11:\"action_list\";s:3:\"all\";s:10:\"last_check\";i:1496263318;s:12:\"suppliers_id\";s:1:\"0\";}' WHERE sesskey = 'f7477a76e2c85678a39070b2438d67ba' LIMIT 1

DELETE FROM `db_fresh_shop`.`cy_sessions` WHERE expiry < 1496290318

SELECT userid, adminid, user_name, user_rank, discount, email, data, expiry FROM `db_fresh_shop`.`cy_sessions` WHERE sesskey = 'f7477a76e2c85678a39070b2438d67ba'

SELECT code, value FROM `db_fresh_shop`.`cy_shop_config` WHERE parent_id > 0

SELECT COUNT(*) FROM `db_fresh_shop`.`cy_order_info` WHERE add_time >= '1496263318'

SELECT COUNT(*) FROM `db_fresh_shop`.`cy_order_info` WHERE pay_time >= 1496263318

UPDATE `db_fresh_shop`.`cy_sessions` SET expiry = '1496292298', ip = '118.206.28.143', userid = '0', adminid = '1', user_name='0', user_rank='0', discount='0', email='0', data = 'a:4:{s:10:\"admin_name\";s:5:\"admin\";s:11:\"action_list\";s:3:\"all\";s:10:\"last_check\";i:1496263498;s:12:\"suppliers_id\";s:1:\"0\";}' WHERE sesskey = 'f7477a76e2c85678a39070b2438d67ba' LIMIT 1

DELETE FROM `db_fresh_shop`.`cy_sessions` WHERE expiry < 1496290498

SELECT userid, adminid, user_name, user_rank, discount, email, data, expiry FROM `db_fresh_shop`.`cy_sessions` WHERE sesskey = 'f7477a76e2c85678a39070b2438d67ba'

SELECT code, value FROM `db_fresh_shop`.`cy_shop_config` WHERE parent_id > 0

SELECT COUNT(*) FROM `db_fresh_shop`.`cy_order_info` WHERE add_time >= '1496263498'

SELECT COUNT(*) FROM `db_fresh_shop`.`cy_order_info` WHERE pay_time >= 1496263498

UPDATE `db_fresh_shop`.`cy_sessions` SET expiry = '1496292478', ip = '118.206.28.143', userid = '0', adminid = '1', user_name='0', user_rank='0', discount='0', email='0', data = 'a:4:{s:10:\"admin_name\";s:5:\"admin\";s:11:\"action_list\";s:3:\"all\";s:10:\"last_check\";i:1496263678;s:12:\"suppliers_id\";s:1:\"0\";}' WHERE sesskey = 'f7477a76e2c85678a39070b2438d67ba' LIMIT 1

DELETE FROM `db_fresh_shop`.`cy_sessions` WHERE expiry < 1496290678

SELECT userid, adminid, user_name, user_rank, discount, email, data, expiry FROM `db_fresh_shop`.`cy_sessions` WHERE sesskey = 'f7477a76e2c85678a39070b2438d67ba'

SELECT code, value FROM `db_fresh_shop`.`cy_shop_config` WHERE parent_id > 0

SELECT COUNT(*) FROM `db_fresh_shop`.`cy_order_info` WHERE add_time >= '1496263678'

SELECT COUNT(*) FROM `db_fresh_shop`.`cy_order_info` WHERE pay_time >= 1496263678

UPDATE `db_fresh_shop`.`cy_sessions` SET expiry = '1496292658', ip = '118.206.28.143', userid = '0', adminid = '1', user_name='0', user_rank='0', discount='0', email='0', data = 'a:4:{s:10:\"admin_name\";s:5:\"admin\";s:11:\"action_list\";s:3:\"all\";s:10:\"last_check\";i:1496263858;s:12:\"suppliers_id\";s:1:\"0\";}' WHERE sesskey = 'f7477a76e2c85678a39070b2438d67ba' LIMIT 1

DELETE FROM `db_fresh_shop`.`cy_sessions` WHERE expiry < 1496290858

SELECT userid, adminid, user_name, user_rank, discount, email, data, expiry FROM `db_fresh_shop`.`cy_sessions` WHERE sesskey = 'f7477a76e2c85678a39070b2438d67ba'

SELECT code, value FROM `db_fresh_shop`.`cy_shop_config` WHERE parent_id > 0

SELECT COUNT(*) FROM `db_fresh_shop`.`cy_order_info` WHERE add_time >= '1496263858'

SELECT COUNT(*) FROM `db_fresh_shop`.`cy_order_info` WHERE pay_time >= 1496263858

UPDATE `db_fresh_shop`.`cy_sessions` SET expiry = '1496292838', ip = '118.206.28.143', userid = '0', adminid = '1', user_name='0', user_rank='0', discount='0', email='0', data = 'a:4:{s:10:\"admin_name\";s:5:\"admin\";s:11:\"action_list\";s:3:\"all\";s:10:\"last_check\";i:1496264038;s:12:\"suppliers_id\";s:1:\"0\";}' WHERE sesskey = 'f7477a76e2c85678a39070b2438d67ba' LIMIT 1

DELETE FROM `db_fresh_shop`.`cy_sessions` WHERE expiry < 1496291038

SELECT userid, adminid, user_name, user_rank, discount, email, data, expiry FROM `db_fresh_shop`.`cy_sessions` WHERE sesskey = 'f7477a76e2c85678a39070b2438d67ba'

SELECT code, value FROM `db_fresh_shop`.`cy_shop_config` WHERE parent_id > 0

SELECT COUNT(*) FROM `db_fresh_shop`.`cy_order_info` WHERE add_time >= '1496264038'

SELECT COUNT(*) FROM `db_fresh_shop`.`cy_order_info` WHERE pay_time >= 1496264038

UPDATE `db_fresh_shop`.`cy_sessions` SET expiry = '1496293018', ip = '118.206.28.143', userid = '0', adminid = '1', user_name='0', user_rank='0', discount='0', email='0', data = 'a:4:{s:10:\"admin_name\";s:5:\"admin\";s:11:\"action_list\";s:3:\"all\";s:10:\"last_check\";i:1496264218;s:12:\"suppliers_id\";s:1:\"0\";}' WHERE sesskey = 'f7477a76e2c85678a39070b2438d67ba' LIMIT 1

DELETE FROM `db_fresh_shop`.`cy_sessions` WHERE expiry < 1496291218

SELECT userid, adminid, user_name, user_rank, discount, email, data, expiry FROM `db_fresh_shop`.`cy_sessions` WHERE sesskey = 'f7477a76e2c85678a39070b2438d67ba'

SELECT code, value FROM `db_fresh_shop`.`cy_shop_config` WHERE parent_id > 0

SELECT COUNT(*) FROM `db_fresh_shop`.`cy_order_info` WHERE add_time >= '1496264218'

SELECT COUNT(*) FROM `db_fresh_shop`.`cy_order_info` WHERE pay_time >= 1496264218

UPDATE `db_fresh_shop`.`cy_sessions` SET expiry = '1496293198', ip = '118.206.28.143', userid = '0', adminid = '1', user_name='0', user_rank='0', discount='0', email='0', data = 'a:4:{s:10:\"admin_name\";s:5:\"admin\";s:11:\"action_list\";s:3:\"all\";s:10:\"last_check\";i:1496264398;s:12:\"suppliers_id\";s:1:\"0\";}' WHERE sesskey = 'f7477a76e2c85678a39070b2438d67ba' LIMIT 1

DELETE FROM `db_fresh_shop`.`cy_sessions` WHERE expiry < 1496291398

SELECT userid, adminid, user_name, user_rank, discount, email, data, expiry FROM `db_fresh_shop`.`cy_sessions` WHERE sesskey = 'f7477a76e2c85678a39070b2438d67ba'

SELECT code, value FROM `db_fresh_shop`.`cy_shop_config` WHERE parent_id > 0

SELECT COUNT(*) FROM `db_fresh_shop`.`cy_order_info` WHERE add_time >= '1496264398'

SELECT COUNT(*) FROM `db_fresh_shop`.`cy_order_info` WHERE pay_time >= 1496264398

UPDATE `db_fresh_shop`.`cy_sessions` SET expiry = '1496293378', ip = '118.206.28.143', userid = '0', adminid = '1', user_name='0', user_rank='0', discount='0', email='0', data = 'a:4:{s:10:\"admin_name\";s:5:\"admin\";s:11:\"action_list\";s:3:\"all\";s:10:\"last_check\";i:1496264578;s:12:\"suppliers_id\";s:1:\"0\";}' WHERE sesskey = 'f7477a76e2c85678a39070b2438d67ba' LIMIT 1

DELETE FROM `db_fresh_shop`.`cy_sessions` WHERE expiry < 1496291578

