INSERT INTO `db_fresh_shop`.`cy_sessions` (sesskey, expiry, ip, data) VALUES ('368089479ec565150cdc12ca8289e82a', '1495270646', '182.201.41.81', 'a:0:{}')

SELECT code, value FROM `db_fresh_shop`.`cy_shop_config` WHERE parent_id > 0

UPDATE `db_fresh_shop`.`cy_sessions` SET expiry = '1495270646', ip = '182.201.41.81', userid = '0', adminid = '0', user_name='0', user_rank='0', discount='0', email='0', data = 'a:0:{}' WHERE sesskey = '368089479ec565150cdc12ca8289e82a' LIMIT 1

DELETE FROM `db_fresh_shop`.`cy_sessions_data` WHERE expiry < 1495268846

DELETE FROM `db_fresh_shop`.`cy_sessions` WHERE expiry < 1495268846

SELECT userid, adminid, user_name, user_rank, discount, email, data, expiry FROM `db_fresh_shop`.`cy_sessions` WHERE sesskey = '368089479ec565150cdc12ca8289e82a'

SELECT code, value FROM `db_fresh_shop`.`cy_shop_config` WHERE parent_id > 0

DELETE FROM `db_fresh_shop`.`cy_sessions` WHERE expiry < 1495268846

SELECT userid, adminid, user_name, user_rank, discount, email, data, expiry FROM `db_fresh_shop`.`cy_sessions` WHERE sesskey = '368089479ec565150cdc12ca8289e82a'

SELECT code, value FROM `db_fresh_shop`.`cy_shop_config` WHERE parent_id > 0

SELECT `ec_salt` FROM `db_fresh_shop`.`cy_admin_user`WHERE user_name = 'admin'

SELECT user_id, user_name, password, last_login, action_list, last_login,suppliers_id,ec_salt FROM `db_fresh_shop`.`cy_admin_user` WHERE user_name = 'admin' AND password = 'a24719e63488128586f6a29c128f530b'

UPDATE `db_fresh_shop`.`cy_admin_user` SET last_login='1495241851', last_ip='182.201.41.81' WHERE user_id='1'

SELECT DISTINCT session_id FROM `db_fresh_shop`.`cy_cart` AS c, `db_fresh_shop`.`cy_sessions` AS s WHERE c.session_id = s.sesskey 

DELETE FROM `db_fresh_shop`.`cy_cart` WHERE session_id NOT  IN ('') 

UPDATE `db_fresh_shop`.`cy_sessions` SET expiry = '1495270651', ip = '182.201.41.81', userid = '0', adminid = '1', user_name='0', user_rank='0', discount='0', email='0', data = 'a:5:{s:10:\"admin_name\";s:5:\"admin\";s:11:\"action_list\";s:3:\"all\";s:10:\"last_check\";s:1:\"0\";s:12:\"suppliers_id\";s:1:\"0\";s:10:\"shop_guide\";b:1;}' WHERE sesskey = '368089479ec565150cdc12ca8289e82a' LIMIT 1

SELECT userid, adminid, user_name, user_rank, discount, email, data, expiry FROM `db_fresh_shop`.`cy_sessions` WHERE sesskey = '368089479ec565150cdc12ca8289e82a'

SELECT code, value FROM `db_fresh_shop`.`cy_shop_config` WHERE parent_id > 0

DELETE FROM `db_fresh_shop`.`cy_sessions_data` WHERE expiry < 1495268851

SELECT userid, adminid, user_name, user_rank, discount, email, data, expiry FROM `db_fresh_shop`.`cy_sessions` WHERE sesskey = '368089479ec565150cdc12ca8289e82a'

SELECT code, value FROM `db_fresh_shop`.`cy_shop_config` WHERE parent_id > 0

UPDATE `db_fresh_shop`.`cy_sessions` SET expiry = '1495270653', ip = '182.201.41.81', userid = '0', adminid = '1', user_name='0', user_rank='0', discount='0', email='0', data = 'a:4:{s:10:\"admin_name\";s:5:\"admin\";s:11:\"action_list\";s:3:\"all\";s:10:\"last_check\";s:1:\"0\";s:12:\"suppliers_id\";s:1:\"0\";}' WHERE sesskey = '368089479ec565150cdc12ca8289e82a' LIMIT 1

SELECT userid, adminid, user_name, user_rank, discount, email, data, expiry FROM `db_fresh_shop`.`cy_sessions` WHERE sesskey = '368089479ec565150cdc12ca8289e82a'

SELECT code, value FROM `db_fresh_shop`.`cy_shop_config` WHERE parent_id > 0

SELECT region_id, region_name FROM `db_fresh_shop`.`cy_region` WHERE region_type = '0' AND parent_id = '0'

SELECT region_id, region_name FROM `db_fresh_shop`.`cy_region` WHERE region_type = '1' AND parent_id = '1'

SELECT region_id, region_name FROM `db_fresh_shop`.`cy_region` WHERE region_type = '2' AND parent_id = '2'

SELECT value from `db_fresh_shop`.`cy_shop_config` WHERE code='shop_name'

SELECT value from `db_fresh_shop`.`cy_shop_config` WHERE code='shop_title'

SELECT userid, adminid, user_name, user_rank, discount, email, data, expiry FROM `db_fresh_shop`.`cy_sessions` WHERE sesskey = '368089479ec565150cdc12ca8289e82a'

SELECT code, value FROM `db_fresh_shop`.`cy_shop_config` WHERE parent_id > 0

UPDATE `db_fresh_shop`.`cy_sessions` SET expiry = '1495270677', ip = '182.201.41.81', userid = '0', adminid = '1', user_name='0', user_rank='0', discount='0', email='0', data = 'a:4:{s:10:\"admin_name\";s:5:\"admin\";s:11:\"action_list\";s:3:\"all\";s:10:\"last_check\";s:1:\"0\";s:12:\"suppliers_id\";s:1:\"0\";}' WHERE sesskey = '368089479ec565150cdc12ca8289e82a' LIMIT 1

SELECT userid, adminid, user_name, user_rank, discount, email, data, expiry FROM `db_fresh_shop`.`cy_sessions` WHERE sesskey = '368089479ec565150cdc12ca8289e82a'

SELECT code, value FROM `db_fresh_shop`.`cy_shop_config` WHERE parent_id > 0

UPDATE `db_fresh_shop`.`cy_sessions` SET expiry = '1495270703', ip = '182.201.41.81', userid = '0', adminid = '1', user_name='0', user_rank='0', discount='0', email='0', data = 'a:4:{s:10:\"admin_name\";s:5:\"admin\";s:11:\"action_list\";s:3:\"all\";s:10:\"last_check\";s:1:\"0\";s:12:\"suppliers_id\";s:1:\"0\";}' WHERE sesskey = '368089479ec565150cdc12ca8289e82a' LIMIT 1

SELECT userid, adminid, user_name, user_rank, discount, email, data, expiry FROM `db_fresh_shop`.`cy_sessions` WHERE sesskey = '368089479ec565150cdc12ca8289e82a'

SELECT data, expiry FROM `db_fresh_shop`.`cy_sessions_data` WHERE sesskey = '368089479ec565150cdc12ca8289e82a'

SELECT code, value FROM `db_fresh_shop`.`cy_shop_config` WHERE parent_id > 0

UPDATE `db_fresh_shop`.`cy_sessions` SET expiry = '1495272942', ip = '182.201.41.81', userid = '0', adminid = '0', user_name='0', user_rank='0', discount='0', email='0', data = 'a:0:{}' WHERE sesskey = '368089479ec565150cdc12ca8289e82a' LIMIT 1

DELETE FROM `db_fresh_shop`.`cy_sessions` WHERE expiry < 1495271142

SELECT userid, adminid, user_name, user_rank, discount, email, data, expiry FROM `db_fresh_shop`.`cy_sessions` WHERE sesskey = '368089479ec565150cdc12ca8289e82a'

SELECT code, value FROM `db_fresh_shop`.`cy_shop_config` WHERE parent_id > 0

DELETE FROM `db_fresh_shop`.`cy_sessions_data` WHERE expiry < 1495271142

DELETE FROM `db_fresh_shop`.`cy_sessions` WHERE expiry < 1495271142

SELECT userid, adminid, user_name, user_rank, discount, email, data, expiry FROM `db_fresh_shop`.`cy_sessions` WHERE sesskey = '368089479ec565150cdc12ca8289e82a'

SELECT code, value FROM `db_fresh_shop`.`cy_shop_config` WHERE parent_id > 0

SELECT userid, adminid, user_name, user_rank, discount, email, data, expiry FROM `db_fresh_shop`.`cy_sessions` WHERE sesskey = '368089479ec565150cdc12ca8289e82a'

SELECT code, value FROM `db_fresh_shop`.`cy_shop_config` WHERE parent_id > 0

SELECT `ec_salt` FROM `db_fresh_shop`.`cy_admin_user`WHERE user_name = 'admin'

SELECT user_id, user_name, password, last_login, action_list, last_login,suppliers_id,ec_salt FROM `db_fresh_shop`.`cy_admin_user` WHERE user_name = 'admin' AND password = 'a24719e63488128586f6a29c128f530b'

UPDATE `db_fresh_shop`.`cy_admin_user` SET last_login='1495244146', last_ip='182.201.41.81' WHERE user_id='1'

SELECT DISTINCT session_id FROM `db_fresh_shop`.`cy_cart` AS c, `db_fresh_shop`.`cy_sessions` AS s WHERE c.session_id = s.sesskey 

DELETE FROM `db_fresh_shop`.`cy_cart` WHERE session_id NOT  IN ('') 

UPDATE `db_fresh_shop`.`cy_sessions` SET expiry = '1495272946', ip = '182.201.41.81', userid = '0', adminid = '1', user_name='0', user_rank='0', discount='0', email='0', data = 'a:4:{s:10:\"admin_name\";s:5:\"admin\";s:11:\"action_list\";s:3:\"all\";s:10:\"last_check\";s:10:\"1495241851\";s:12:\"suppliers_id\";s:1:\"0\";}' WHERE sesskey = '368089479ec565150cdc12ca8289e82a' LIMIT 1

DELETE FROM `db_fresh_shop`.`cy_sessions` WHERE expiry < 1495271146

SELECT userid, adminid, user_name, user_rank, discount, email, data, expiry FROM `db_fresh_shop`.`cy_sessions` WHERE sesskey = '368089479ec565150cdc12ca8289e82a'

SELECT code, value FROM `db_fresh_shop`.`cy_shop_config` WHERE parent_id > 0

DELETE FROM `db_fresh_shop`.`cy_sessions` WHERE expiry < 1495271146

SELECT userid, adminid, user_name, user_rank, discount, email, data, expiry FROM `db_fresh_shop`.`cy_sessions` WHERE sesskey = '368089479ec565150cdc12ca8289e82a'

SELECT code, value FROM `db_fresh_shop`.`cy_shop_config` WHERE parent_id > 0

SELECT message_id, sender_id, receiver_id, sent_time, readed, deleted, title, message, user_name FROM `db_fresh_shop`.`cy_admin_message` AS a, `db_fresh_shop`.`cy_admin_user` AS b WHERE a.sender_id = b.user_id AND a.receiver_id = '1' AND a.readed = 0 AND deleted = 0 ORDER BY a.sent_time DESC

SELECT pay_id, is_cod FROM `db_fresh_shop`.`cy_payment` WHERE enabled = 1

SELECT COUNT(*) FROM `db_fresh_shop`.`cy_order_info` WHERE 1  AND order_status  IN ('1','5')  AND shipping_status  IN ('1','2')  AND pay_status  IN ('2','1')  

SELECT pay_id FROM `db_fresh_shop`.`cy_payment` WHERE is_cod = 1

SELECT COUNT(*) FROM `db_fresh_shop`.`cy_order_info` WHERE 1  AND   order_status  IN ('1','5','6')  AND   shipping_status  IN ('0','3','5')  AND ( pay_status  IN ('2','1')  OR pay_id  IN ('') ) 

SELECT pay_id FROM `db_fresh_shop`.`cy_payment` WHERE is_cod = 0

SELECT COUNT(*) FROM `db_fresh_shop`.`cy_order_info` WHERE 1  AND   order_status  IN ('1','5')  AND   pay_status = '0' AND ( shipping_status  IN ('1','2')  OR pay_id  IN ('') ) 

SELECT COUNT(*) FROM `db_fresh_shop`.`cy_order_info` WHERE 1  AND order_status = '0' 

SELECT COUNT(*) FROM `db_fresh_shop`.`cy_order_info` WHERE  shipping_status=4

SELECT COUNT(*) AS oCount, IFNULL(SUM(order_amount), 0) AS oAmount FROM `db_fresh_shop`.`cy_order_info`

SELECT COUNT(*) FROM `db_fresh_shop`.`cy_goods` WHERE is_delete = 0 AND is_alone_sale = 1 AND is_real = 1

SELECT COUNT(*) FROM `db_fresh_shop`.`cy_goods` WHERE is_delete = 0 AND is_alone_sale = 1 AND is_real=0 AND extension_code='virtual_card'

SELECT COUNT(*) FROM `db_fresh_shop`.`cy_goods` WHERE is_delete = 0 AND is_new = 1 AND is_real = 1

SELECT COUNT(*) FROM `db_fresh_shop`.`cy_goods` WHERE is_delete = 0 AND is_new = 1 AND is_real=0 AND extension_code='virtual_card'

SELECT COUNT(*) FROM `db_fresh_shop`.`cy_goods` WHERE is_delete = 0 AND is_best = 1 AND is_real = 1

SELECT COUNT(*) FROM `db_fresh_shop`.`cy_goods` WHERE is_delete = 0 AND is_best = 1 AND is_real=0 AND extension_code='virtual_card'

SELECT COUNT(*) FROM `db_fresh_shop`.`cy_goods` WHERE is_delete = 0 AND is_hot = 1 AND is_real = 1

SELECT COUNT(*) FROM `db_fresh_shop`.`cy_goods` WHERE is_delete = 0 AND is_hot = 1 AND is_real=0 AND extension_code='virtual_card'

SELECT COUNT(*) FROM `db_fresh_shop`.`cy_goods` WHERE is_delete = 0 AND promote_price>0 AND promote_start_date <= '1495244147' AND promote_end_date >= '1495244147' AND is_real = 1

SELECT COUNT(*) FROM `db_fresh_shop`.`cy_goods` WHERE is_delete = 0 AND promote_price>0 AND promote_start_date <= '1495244147' AND promote_end_date >= '1495244147' AND is_real=0 AND extension_code='virtual_card'

SELECT COUNT(*) FROM `db_fresh_shop`.`cy_goods` WHERE is_delete = 0 AND goods_number <= warn_number AND is_real = 1

SELECT COUNT(*) FROM `db_fresh_shop`.`cy_goods` WHERE is_delete = 0 AND goods_number <= warn_number AND is_real=0 AND extension_code='virtual_card'

SELECT COUNT(*) FROM `db_fresh_shop`.`cy_stats` WHERE access_time > 1495180800

SELECT count(*) FROM `db_fresh_shop`.`cy_sessions`

SELECT COUNT(f.msg_id) FROM `db_fresh_shop`.`cy_feedback` AS f LEFT JOIN `db_fresh_shop`.`cy_feedback` AS r ON r.parent_id=f.msg_id WHERE f.parent_id=0 AND ISNULL(r.msg_id) 

SELECT COUNT(*) FROM `db_fresh_shop`.`cy_comment` WHERE status = 0 AND parent_id = 0

SELECT COUNT(*) FROM `db_fresh_shop`.`cy_booking_goods` WHERE is_dispose = 0

SELECT COUNT(*) FROM `db_fresh_shop`.`cy_user_account` WHERE process_type = 1 AND is_paid = 0 

DELETE FROM `db_fresh_shop`.`cy_sessions_data` WHERE expiry < 1495271147

SELECT userid, adminid, user_name, user_rank, discount, email, data, expiry FROM `db_fresh_shop`.`cy_sessions` WHERE sesskey = '368089479ec565150cdc12ca8289e82a'

SELECT code, value FROM `db_fresh_shop`.`cy_shop_config` WHERE parent_id > 0

SELECT userid, adminid, user_name, user_rank, discount, email, data, expiry FROM `db_fresh_shop`.`cy_sessions` WHERE sesskey = '368089479ec565150cdc12ca8289e82a'

SELECT code, value FROM `db_fresh_shop`.`cy_shop_config` WHERE parent_id > 0

SELECT userid, adminid, user_name, user_rank, discount, email, data, expiry FROM `db_fresh_shop`.`cy_sessions` WHERE sesskey = '368089479ec565150cdc12ca8289e82a'

SELECT COUNT(*) AS oCount, IFNULL(SUM(order_amount), 0) AS oAmount FROM `db_fresh_shop`.`cy_order_info`

SELECT COUNT(*) FROM `db_fresh_shop`.`cy_goods` WHERE is_delete = 0 AND is_alone_sale = 1 AND is_real = 1

SELECT code, value FROM `db_fresh_shop`.`cy_shop_config` WHERE parent_id > 0

SELECT COUNT(*) FROM `db_fresh_shop`.`cy_users`

SELECT value FROM `db_fresh_shop`.`cy_shop_config` WHERE code = 'template'

SELECT value FROM `db_fresh_shop`.`cy_shop_config` WHERE code = 'stylename'

SELECT COUNT(*) FROM `db_fresh_shop`.`cy_order_info` WHERE add_time >= '1495241851'

SELECT COUNT(*) FROM `db_fresh_shop`.`cy_order_info` WHERE pay_time >= 1495241851

UPDATE `db_fresh_shop`.`cy_sessions` SET expiry = '1495272947', ip = '182.201.41.81', userid = '0', adminid = '1', user_name='0', user_rank='0', discount='0', email='0', data = 'a:4:{s:10:\"admin_name\";s:5:\"admin\";s:11:\"action_list\";s:3:\"all\";s:10:\"last_check\";i:1495244147;s:12:\"suppliers_id\";s:1:\"0\";}' WHERE sesskey = '368089479ec565150cdc12ca8289e82a' LIMIT 1

SELECT userid, adminid, user_name, user_rank, discount, email, data, expiry FROM `db_fresh_shop`.`cy_sessions` WHERE sesskey = '368089479ec565150cdc12ca8289e82a'

SELECT code, value FROM `db_fresh_shop`.`cy_shop_config` WHERE parent_id > 0

SELECT message_id, sender_id, receiver_id, sent_time, readed, deleted, title, message, user_name FROM `db_fresh_shop`.`cy_admin_message` AS a, `db_fresh_shop`.`cy_admin_user` AS b WHERE a.sender_id = b.user_id AND a.receiver_id = '1' AND a.readed = 0 AND deleted = 0 ORDER BY a.sent_time DESC

SELECT pay_id, is_cod FROM `db_fresh_shop`.`cy_payment` WHERE enabled = 1

SELECT COUNT(*) FROM `db_fresh_shop`.`cy_order_info` WHERE 1  AND order_status  IN ('1','5')  AND shipping_status  IN ('1','2')  AND pay_status  IN ('2','1')  

SELECT pay_id FROM `db_fresh_shop`.`cy_payment` WHERE is_cod = 1

SELECT COUNT(*) FROM `db_fresh_shop`.`cy_order_info` WHERE 1  AND   order_status  IN ('1','5','6')  AND   shipping_status  IN ('0','3','5')  AND ( pay_status  IN ('2','1')  OR pay_id  IN ('') ) 

SELECT pay_id FROM `db_fresh_shop`.`cy_payment` WHERE is_cod = 0

SELECT COUNT(*) FROM `db_fresh_shop`.`cy_order_info` WHERE 1  AND   order_status  IN ('1','5')  AND   pay_status = '0' AND ( shipping_status  IN ('1','2')  OR pay_id  IN ('') ) 

SELECT COUNT(*) FROM `db_fresh_shop`.`cy_order_info` WHERE 1  AND order_status = '0' 

SELECT COUNT(*) FROM `db_fresh_shop`.`cy_order_info` WHERE  shipping_status=4

SELECT COUNT(*) AS oCount, IFNULL(SUM(order_amount), 0) AS oAmount FROM `db_fresh_shop`.`cy_order_info`

SELECT COUNT(*) FROM `db_fresh_shop`.`cy_goods` WHERE is_delete = 0 AND is_alone_sale = 1 AND is_real = 1

SELECT COUNT(*) FROM `db_fresh_shop`.`cy_goods` WHERE is_delete = 0 AND is_alone_sale = 1 AND is_real=0 AND extension_code='virtual_card'

SELECT COUNT(*) FROM `db_fresh_shop`.`cy_goods` WHERE is_delete = 0 AND is_new = 1 AND is_real = 1

SELECT COUNT(*) FROM `db_fresh_shop`.`cy_goods` WHERE is_delete = 0 AND is_new = 1 AND is_real=0 AND extension_code='virtual_card'

SELECT COUNT(*) FROM `db_fresh_shop`.`cy_goods` WHERE is_delete = 0 AND is_best = 1 AND is_real = 1

SELECT COUNT(*) FROM `db_fresh_shop`.`cy_goods` WHERE is_delete = 0 AND is_best = 1 AND is_real=0 AND extension_code='virtual_card'

SELECT COUNT(*) FROM `db_fresh_shop`.`cy_goods` WHERE is_delete = 0 AND is_hot = 1 AND is_real = 1

SELECT COUNT(*) FROM `db_fresh_shop`.`cy_goods` WHERE is_delete = 0 AND is_hot = 1 AND is_real=0 AND extension_code='virtual_card'

SELECT COUNT(*) FROM `db_fresh_shop`.`cy_goods` WHERE is_delete = 0 AND promote_price>0 AND promote_start_date <= '1495244153' AND promote_end_date >= '1495244153' AND is_real = 1

SELECT COUNT(*) FROM `db_fresh_shop`.`cy_goods` WHERE is_delete = 0 AND promote_price>0 AND promote_start_date <= '1495244153' AND promote_end_date >= '1495244153' AND is_real=0 AND extension_code='virtual_card'

SELECT COUNT(*) FROM `db_fresh_shop`.`cy_goods` WHERE is_delete = 0 AND goods_number <= warn_number AND is_real = 1

SELECT COUNT(*) FROM `db_fresh_shop`.`cy_goods` WHERE is_delete = 0 AND goods_number <= warn_number AND is_real=0 AND extension_code='virtual_card'

SELECT COUNT(*) FROM `db_fresh_shop`.`cy_stats` WHERE access_time > 1495180800

SELECT count(*) FROM `db_fresh_shop`.`cy_sessions`

SELECT COUNT(f.msg_id) FROM `db_fresh_shop`.`cy_feedback` AS f LEFT JOIN `db_fresh_shop`.`cy_feedback` AS r ON r.parent_id=f.msg_id WHERE f.parent_id=0 AND ISNULL(r.msg_id) 

SELECT COUNT(*) FROM `db_fresh_shop`.`cy_comment` WHERE status = 0 AND parent_id = 0

SELECT COUNT(*) FROM `db_fresh_shop`.`cy_booking_goods` WHERE is_dispose = 0

SELECT COUNT(*) FROM `db_fresh_shop`.`cy_user_account` WHERE process_type = 1 AND is_paid = 0 

DELETE FROM `db_fresh_shop`.`cy_sessions_data` WHERE expiry < 1495271153

SELECT userid, adminid, user_name, user_rank, discount, email, data, expiry FROM `db_fresh_shop`.`cy_sessions` WHERE sesskey = '368089479ec565150cdc12ca8289e82a'

SELECT code, value FROM `db_fresh_shop`.`cy_shop_config` WHERE parent_id > 0

SELECT userid, adminid, user_name, user_rank, discount, email, data, expiry FROM `db_fresh_shop`.`cy_sessions` WHERE sesskey = '368089479ec565150cdc12ca8289e82a'

SELECT code, value FROM `db_fresh_shop`.`cy_shop_config` WHERE parent_id > 0

SELECT COUNT(*) AS oCount, IFNULL(SUM(order_amount), 0) AS oAmount FROM `db_fresh_shop`.`cy_order_info`

SELECT COUNT(*) FROM `db_fresh_shop`.`cy_goods` WHERE is_delete = 0 AND is_alone_sale = 1 AND is_real = 1

SELECT COUNT(*) FROM `db_fresh_shop`.`cy_users`

SELECT value FROM `db_fresh_shop`.`cy_shop_config` WHERE code = 'template'

SELECT value FROM `db_fresh_shop`.`cy_shop_config` WHERE code = 'stylename'

DELETE FROM `db_fresh_shop`.`cy_sessions_data` WHERE expiry < 1495271153

SELECT userid, adminid, user_name, user_rank, discount, email, data, expiry FROM `db_fresh_shop`.`cy_sessions` WHERE sesskey = '368089479ec565150cdc12ca8289e82a'

SELECT code, value FROM `db_fresh_shop`.`cy_shop_config` WHERE parent_id > 0

SELECT * FROM `db_fresh_shop`.`cy_shop_config` WHERE type<>'hidden'   AND (parent_id<>'5' AND id<>'5') ORDER BY parent_id, sort_order, id

SELECT region_id, region_name FROM `db_fresh_shop`.`cy_region` WHERE region_type = '0' AND parent_id = '0'

SELECT region_id, region_name FROM `db_fresh_shop`.`cy_region` WHERE region_type = '1' AND parent_id = '1'

SELECT region_id, region_name FROM `db_fresh_shop`.`cy_region` WHERE region_type = '2' AND parent_id = '2'

DELETE FROM `db_fresh_shop`.`cy_sessions_data` WHERE expiry < 1495271156

DELETE FROM `db_fresh_shop`.`cy_sessions` WHERE expiry < 1495271156

SELECT userid, adminid, user_name, user_rank, discount, email, data, expiry FROM `db_fresh_shop`.`cy_sessions` WHERE sesskey = '368089479ec565150cdc12ca8289e82a'

SELECT code, value FROM `db_fresh_shop`.`cy_shop_config` WHERE parent_id > 0

SELECT id, value FROM `db_fresh_shop`.`cy_shop_config`

UPDATE `db_fresh_shop`.`cy_shop_config` SET value = '18' WHERE id = '106'

UPDATE `db_fresh_shop`.`cy_shop_config` SET value = '244' WHERE id = '107'

SELECT * FROM `db_fresh_shop`.`cy_shop_config` WHERE parent_id > 0 AND type = 'file'

UPDATE `db_fresh_shop`.`cy_shop_config` SET value = 'a:2:{s:4:"type";a:3:{i:0;s:1:"1";i:1;s:1:"2";i:2;s:0:"";}s:4:"rate";a:3:{i:0;d:1;i:1;d:1.5;i:2;d:0;}}' WHERE code = 'invoice_type'

INSERT INTO `db_fresh_shop`.`cy_admin_log` (log_time, user_id, log_info, ip_address)  VALUES ('1495244173', 1, '编辑商店设置: ', '182.201.41.81')

SELECT code, value FROM `db_fresh_shop`.`cy_shop_config` WHERE parent_id > 0

SELECT region_name FROM `db_fresh_shop`.`cy_region` WHERE region_id='1'

SELECT region_name FROM `db_fresh_shop`.`cy_region` WHERE region_id='18'

SELECT region_name FROM `db_fresh_shop`.`cy_region` WHERE region_id='244'

UPDATE `db_fresh_shop`.`cy_sessions` SET expiry = '1495272973', ip = '182.201.41.81', userid = '0', adminid = '1', user_name='0', user_rank='0', discount='0', email='0', data = 'a:4:{s:10:\"admin_name\";s:5:\"admin\";s:11:\"action_list\";s:3:\"all\";s:10:\"last_check\";i:1495244147;s:12:\"suppliers_id\";s:1:\"0\";}' WHERE sesskey = '368089479ec565150cdc12ca8289e82a' LIMIT 1

SELECT userid, adminid, user_name, user_rank, discount, email, data, expiry FROM `db_fresh_shop`.`cy_sessions` WHERE sesskey = '368089479ec565150cdc12ca8289e82a'

SELECT code, value FROM `db_fresh_shop`.`cy_shop_config` WHERE parent_id > 0

SELECT * FROM `db_fresh_shop`.`cy_payment` WHERE enabled = '1' ORDER BY pay_order

DELETE FROM `db_fresh_shop`.`cy_sessions_data` WHERE expiry < 1495271175

